SF:lib/shared/colors.dart
DA:25,56
DA:26,28
DA:30,56
DA:31,28
DA:32,56
DA:33,28
DA:37,84
DA:38,84
DA:40,84
DA:47,44
DA:48,22
DA:52,44
DA:53,22
DA:54,44
DA:55,22
DA:59,44
DA:60,22
DA:61,44
DA:62,22
DA:64,44
DA:65,22
DA:72,52
DA:73,26
DA:77,52
DA:78,26
DA:79,52
DA:80,26
DA:84,78
DA:85,52
DA:86,26
DA:88,52
DA:89,26
DA:96,46
DA:97,23
DA:101,46
DA:102,23
DA:103,46
DA:104,23
DA:108,46
DA:109,23
DA:110,46
DA:111,23
DA:113,46
DA:114,23
LF:44
LH:44
end_of_record
SF:lib/shared/size_helper.dart
DA:21,1
DA:22,4
DA:25,1
DA:26,4
DA:29,1
DA:30,4
DA:33,1
DA:34,4
DA:37,1
DA:38,4
LF:10
LH:10
end_of_record
SF:lib/shared/themes/visa_themes.dart
DA:20,60
DA:21,30
DA:23,28
DA:24,56
DA:25,28
DA:28,22
DA:29,44
DA:30,22
DA:33,26
DA:34,52
DA:35,26
DA:38,23
DA:39,46
DA:40,23
DA:43,12
DA:44,24
DA:49,1
DA:51,1
DA:56,1
DA:60,1
DA:61,1
DA:65,1
DA:66,1
DA:68,1
DA:70,1
DA:71,2
DA:72,1
DA:73,1
DA:74,2
DA:75,3
DA:76,3
DA:78,1
DA:80,4
DA:82,1
DA:83,3
DA:84,1
DA:86,4
DA:88,1
DA:89,1
DA:90,3
DA:92,1
DA:93,3
DA:95,1
DA:96,3
DA:97,3
DA:99,1
DA:100,1
DA:101,1
DA:102,3
DA:104,1
DA:105,3
DA:106,3
DA:107,3
DA:109,1
DA:110,3
DA:111,3
DA:112,3
DA:115,1
DA:116,3
DA:117,3
DA:118,3
DA:119,3
DA:120,3
DA:121,3
DA:123,1
DA:124,3
DA:126,1
DA:127,1
DA:128,3
DA:129,3
DA:130,1
DA:132,1
DA:133,3
DA:135,1
DA:136,3
DA:138,1
DA:139,3
DA:140,3
DA:141,3
DA:143,1
DA:144,3
DA:145,3
DA:147,1
DA:148,1
DA:149,4
DA:156,2
DA:157,1
DA:158,1
DA:159,1
DA:160,1
DA:161,1
DA:162,1
DA:163,1
DA:164,1
DA:165,1
DA:166,1
DA:167,1
DA:168,1
DA:169,1
DA:170,1
DA:171,1
DA:172,1
DA:173,1
DA:174,1
DA:175,1
DA:176,1
DA:177,1
DA:178,1
DA:179,1
DA:180,1
DA:181,1
DA:182,1
DA:183,1
DA:184,1
DA:185,1
DA:186,1
DA:187,1
DA:188,1
DA:189,1
DA:190,1
DA:191,1
DA:192,1
DA:193,1
DA:194,1
DA:195,1
DA:196,1
DA:197,1
DA:198,1
DA:203,1
DA:205,1
DA:210,1
DA:214,1
DA:215,1
DA:219,1
DA:220,1
DA:222,1
DA:224,1
DA:225,2
DA:226,1
DA:227,1
DA:228,2
DA:229,3
DA:230,3
DA:232,1
DA:234,4
DA:236,1
DA:237,3
DA:238,1
DA:240,4
DA:242,1
DA:243,1
DA:244,3
DA:246,1
DA:247,3
DA:249,1
DA:250,3
DA:251,3
DA:253,1
DA:254,1
DA:255,1
DA:256,3
DA:258,1
DA:259,3
DA:260,3
DA:261,3
DA:263,1
DA:264,3
DA:265,3
DA:266,3
DA:269,1
DA:270,3
DA:271,3
DA:272,3
DA:273,3
DA:274,3
DA:275,3
DA:277,1
DA:278,3
DA:280,1
DA:281,1
DA:282,3
DA:283,3
DA:284,1
DA:286,1
DA:287,3
DA:289,1
DA:290,3
DA:292,1
DA:293,3
DA:294,3
DA:295,3
DA:297,1
DA:298,3
DA:299,3
DA:301,1
DA:302,1
DA:303,4
DA:310,2
DA:311,1
DA:312,1
DA:313,1
DA:314,1
DA:315,1
DA:316,1
DA:317,1
DA:318,1
DA:319,1
DA:320,1
DA:321,1
DA:322,1
DA:323,1
DA:324,1
DA:325,1
DA:326,1
DA:327,1
DA:328,1
DA:329,1
DA:330,1
DA:331,1
DA:332,1
DA:333,1
DA:334,1
DA:335,1
DA:336,1
DA:337,1
DA:338,1
DA:339,1
DA:340,1
DA:341,1
DA:342,1
DA:343,1
DA:344,1
DA:345,1
DA:346,1
DA:347,1
DA:348,1
DA:349,1
DA:350,1
DA:351,1
DA:352,1
DA:357,82
DA:362,27
DA:366,27
DA:367,27
DA:371,27
DA:372,27
DA:375,27
DA:377,27
DA:378,27
DA:379,54
DA:380,27
DA:381,54
DA:382,81
DA:383,81
DA:385,27
DA:387,108
DA:389,27
DA:390,81
DA:391,27
DA:393,108
DA:395,27
DA:396,27
DA:397,81
DA:399,27
DA:400,81
DA:402,27
DA:403,81
DA:404,81
DA:406,27
DA:407,27
DA:408,27
DA:409,81
DA:411,27
DA:412,81
DA:413,81
DA:414,81
DA:416,27
DA:417,81
DA:418,81
DA:419,81
DA:422,27
DA:423,81
DA:424,81
DA:425,81
DA:426,81
DA:427,81
DA:428,81
DA:430,27
DA:431,81
DA:433,27
DA:434,27
DA:435,81
DA:436,81
DA:437,27
DA:439,27
DA:440,81
DA:442,27
DA:443,81
DA:445,27
DA:446,81
DA:447,81
DA:448,81
DA:450,27
DA:451,81
DA:452,81
DA:454,27
DA:455,27
DA:456,108
DA:463,64
DA:468,21
DA:472,21
DA:473,21
DA:477,21
DA:478,21
DA:481,21
DA:483,21
DA:484,21
DA:485,42
DA:486,21
DA:487,42
DA:488,63
DA:489,63
DA:491,21
DA:493,84
DA:495,21
DA:496,63
DA:497,21
DA:499,84
DA:501,21
DA:502,21
DA:503,63
DA:505,21
DA:506,63
DA:508,21
DA:509,63
DA:510,63
DA:512,21
DA:513,21
DA:514,21
DA:515,63
DA:517,21
DA:518,63
DA:519,63
DA:520,63
DA:522,21
DA:523,63
DA:524,63
DA:525,63
DA:528,21
DA:529,63
DA:530,63
DA:531,63
DA:532,63
DA:533,63
DA:534,63
DA:536,21
DA:537,63
DA:539,21
DA:540,21
DA:541,63
DA:542,63
DA:543,21
DA:545,21
DA:546,63
DA:548,21
DA:549,63
DA:551,21
DA:552,63
DA:553,63
DA:554,63
DA:556,21
DA:557,63
DA:558,63
DA:560,21
DA:561,21
DA:562,84
DA:571,78
DA:576,26
DA:580,26
DA:581,26
DA:585,26
DA:586,26
DA:589,26
DA:591,26
DA:592,26
DA:593,52
DA:594,26
DA:595,52
DA:596,78
DA:597,78
DA:599,26
DA:601,104
DA:603,26
DA:604,78
DA:605,26
DA:607,104
DA:609,26
DA:610,26
DA:611,78
DA:613,26
DA:614,78
DA:616,26
DA:617,78
DA:618,78
DA:620,26
DA:621,26
DA:622,26
DA:623,78
DA:625,26
DA:626,78
DA:627,78
DA:628,78
DA:630,26
DA:631,78
DA:632,78
DA:633,78
DA:636,26
DA:637,78
DA:638,78
DA:639,78
DA:640,78
DA:641,78
DA:642,78
DA:644,26
DA:645,78
DA:647,26
DA:648,26
DA:649,78
DA:650,78
DA:651,26
DA:653,26
DA:654,78
DA:656,26
DA:657,78
DA:659,26
DA:660,78
DA:661,78
DA:662,78
DA:664,26
DA:665,78
DA:666,78
DA:668,26
DA:669,26
DA:670,104
DA:677,69
DA:682,23
DA:686,23
DA:687,23
DA:691,23
DA:692,23
DA:695,23
DA:697,23
DA:698,23
DA:699,46
DA:700,23
DA:701,46
DA:702,69
DA:703,69
DA:705,23
DA:707,92
DA:709,23
DA:710,69
DA:711,23
DA:713,92
DA:715,23
DA:716,23
DA:717,69
DA:719,23
DA:720,69
DA:722,23
DA:723,69
DA:724,69
DA:726,23
DA:727,23
DA:728,23
DA:729,69
DA:731,23
DA:732,69
DA:733,69
DA:734,69
DA:736,23
DA:737,69
DA:738,69
DA:739,69
DA:742,23
DA:743,69
DA:744,69
DA:745,69
DA:746,69
DA:747,69
DA:748,69
DA:750,23
DA:751,69
DA:753,23
DA:754,23
DA:755,69
DA:756,69
DA:757,23
DA:759,23
DA:760,69
DA:762,23
DA:763,69
DA:765,23
DA:766,69
DA:767,69
DA:768,69
DA:770,23
DA:771,69
DA:772,69
DA:774,23
DA:775,23
DA:776,92
DA:809,29
DA:810,29
DA:811,29
DA:819,30
DA:820,30
DA:823,1
DA:824,1
DA:827,1
DA:828,1
DA:829,1
DA:831,1
DA:836,1
DA:837,1
DA:839,1
DA:841,1
DA:842,1
DA:843,1
DA:854,30
DA:855,30
DA:863,1
DA:864,2
DA:871,1
DA:872,2
DA:879,1
DA:880,2
DA:887,2
DA:888,4
DA:895,28
DA:896,56
DA:903,28
DA:904,56
DA:911,2
DA:912,4
DA:919,28
DA:920,56
DA:927,1
DA:928,2
DA:935,2
DA:936,4
DA:943,1
DA:944,2
DA:951,28
DA:952,56
DA:960,28
DA:961,56
DA:969,28
DA:970,56
DA:977,28
DA:978,56
DA:985,28
DA:986,56
DA:991,1
DA:992,2
DA:999,29
DA:1000,58
DA:1007,28
DA:1008,56
DA:1015,29
DA:1016,58
DA:1024,29
DA:1025,58
DA:1033,30
DA:1034,60
DA:1042,1
DA:1043,2
DA:1050,1
DA:1051,2
DA:1058,1
DA:1059,2
DA:1066,1
DA:1067,2
LF:583
LH:583
end_of_record
SF:lib/shared/themes/visa_theme_extension.dart
DA:51,29
DA:68,29
DA:81,1
DA:90,29
DA:103,29
DA:119,1
DA:136,29
DA:157,29
DA:172,29
DA:183,29
DA:191,29
DA:199,29
DA:209,29
DA:220,29
DA:234,29
DA:251,29
DA:272,29
DA:277,29
DA:284,29
DA:295,29
DA:304,29
DA:315,29
DA:336,29
DA:346,29
DA:356,29
DA:367,30
DA:459,2
DA:506,2
DA:508,2
DA:509,2
DA:510,2
DA:511,2
DA:513,2
DA:514,2
DA:516,2
DA:518,2
DA:519,2
DA:521,2
DA:522,2
DA:524,2
DA:526,2
DA:527,2
DA:528,2
DA:529,2
DA:530,2
DA:531,2
DA:532,2
DA:533,2
DA:534,2
DA:535,2
DA:536,2
DA:537,2
DA:538,1
DA:539,2
DA:540,2
DA:541,2
DA:542,2
DA:543,2
DA:544,2
DA:545,2
DA:546,2
DA:547,2
DA:548,2
DA:549,2
DA:550,2
DA:551,2
DA:552,2
DA:553,2
DA:554,2
DA:555,2
DA:556,2
DA:560,1
DA:563,1
DA:566,1
DA:568,3
DA:569,3
DA:570,3
DA:571,3
DA:572,3
DA:573,3
DA:574,3
DA:575,3
DA:576,3
DA:577,3
DA:578,3
DA:579,3
DA:580,3
DA:581,3
DA:582,3
DA:583,3
DA:584,3
DA:585,3
DA:586,3
DA:587,1
DA:588,1
DA:589,1
DA:590,1
DA:591,1
DA:592,1
DA:593,1
DA:594,1
DA:595,1
DA:596,1
DA:597,1
DA:598,1
DA:599,1
DA:600,1
DA:601,1
DA:602,1
DA:603,1
DA:604,1
DA:605,1
DA:606,1
DA:607,1
DA:608,1
DA:609,1
DA:610,1
DA:617,28
DA:708,1
DA:755,1
DA:757,1
DA:758,1
DA:759,1
DA:760,1
DA:762,1
DA:763,1
DA:765,1
DA:767,1
DA:768,1
DA:770,1
DA:771,1
DA:773,1
DA:775,1
DA:776,1
DA:777,1
DA:778,1
DA:779,1
DA:780,1
DA:781,1
DA:782,1
DA:783,1
DA:784,1
DA:785,1
DA:786,1
DA:787,1
DA:788,1
DA:789,1
DA:790,1
DA:791,1
DA:792,1
DA:793,1
DA:794,1
DA:795,1
DA:796,1
DA:797,1
DA:798,1
DA:799,1
DA:800,1
DA:801,1
DA:802,1
DA:803,1
DA:804,1
DA:805,1
DA:809,1
DA:812,1
DA:815,1
DA:817,3
DA:818,3
DA:819,3
DA:820,3
DA:821,3
DA:822,3
DA:823,3
DA:824,3
DA:825,3
DA:826,3
DA:827,3
DA:828,3
DA:829,3
DA:830,3
DA:831,3
DA:832,3
DA:833,3
DA:834,3
DA:835,3
DA:836,1
DA:837,1
DA:838,1
DA:839,1
DA:840,1
DA:841,1
DA:842,1
DA:843,1
DA:844,1
DA:845,1
DA:846,1
DA:847,1
DA:848,1
DA:849,1
DA:850,1
DA:851,1
DA:852,1
DA:853,1
DA:854,1
DA:855,1
DA:856,1
DA:857,1
DA:858,1
DA:859,1
DA:866,39
DA:914,1
DA:939,1
DA:940,1
DA:941,1
DA:942,1
DA:943,1
DA:944,1
DA:945,1
DA:946,1
DA:948,1
DA:950,1
DA:951,1
DA:952,1
DA:953,1
DA:954,1
DA:955,1
DA:956,1
DA:957,1
DA:958,1
DA:959,1
DA:960,1
DA:961,1
DA:962,1
DA:963,1
DA:967,1
DA:970,1
DA:973,1
DA:974,3
DA:975,3
DA:976,3
DA:977,3
DA:978,3
DA:979,3
DA:980,3
DA:981,1
DA:982,2
DA:984,3
DA:985,3
DA:986,3
DA:988,3
DA:989,3
DA:991,3
DA:992,3
DA:993,3
DA:994,3
DA:995,3
DA:996,3
DA:997,3
DA:998,3
DA:999,3
LF:260
LH:260
end_of_record
SF:lib/visa_material_widgets/visa_mat_checkbox.dart
DA:101,2
DA:120,2
DA:121,2
DA:341,2
DA:342,2
DA:350,2
DA:352,2
DA:353,6
DA:356,2
DA:358,2
DA:359,8
DA:360,4
DA:361,2
DA:365,2
DA:367,4
DA:368,2
DA:371,2
DA:372,4
DA:374,2
DA:375,4
DA:377,2
DA:378,4
DA:380,2
DA:381,4
DA:382,2
DA:385,2
DA:386,4
DA:392,2
DA:393,4
DA:394,4
DA:395,2
DA:396,1
DA:398,2
DA:399,2
DA:401,2
DA:405,2
DA:406,2
DA:407,0
DA:409,4
DA:413,2
DA:415,2
DA:416,2
DA:418,4
DA:419,4
DA:420,2
DA:421,4
DA:422,4
DA:423,2
DA:426,2
DA:429,2
DA:434,4
DA:437,2
DA:438,2
DA:439,2
DA:440,4
DA:441,4
DA:442,2
DA:447,4
DA:448,2
DA:449,2
DA:451,6
DA:452,4
DA:453,2
DA:454,2
DA:456,6
DA:457,4
DA:458,4
DA:459,4
DA:461,4
DA:463,5
DA:464,4
DA:465,4
DA:466,2
DA:468,4
DA:470,5
DA:471,4
DA:472,4
DA:473,2
DA:476,2
DA:477,4
DA:478,1
DA:479,4
DA:480,2
DA:483,2
DA:484,4
DA:485,1
DA:486,4
DA:487,2
DA:489,4
DA:490,4
DA:493,2
DA:494,6
DA:495,2
DA:497,4
DA:498,4
DA:500,2
DA:501,4
DA:502,4
DA:503,4
DA:504,4
DA:505,2
DA:506,2
DA:507,2
DA:508,2
DA:509,6
DA:510,4
DA:512,4
DA:513,6
DA:514,6
DA:515,2
DA:516,2
DA:517,2
DA:518,4
DA:519,4
DA:520,6
DA:521,4
DA:525,8
DA:526,6
DA:536,4
DA:538,2
DA:539,4
DA:542,2
DA:543,2
DA:546,4
DA:548,2
DA:549,4
DA:552,2
DA:553,2
DA:556,4
DA:558,2
DA:559,4
DA:562,2
DA:563,2
DA:566,4
DA:568,2
DA:569,4
DA:572,2
DA:573,2
DA:576,4
DA:578,2
DA:579,4
DA:582,2
DA:583,2
DA:590,2
DA:591,8
DA:592,4
DA:594,10
DA:600,2
DA:602,2
DA:603,2
DA:604,8
DA:608,2
DA:609,2
DA:610,4
DA:611,2
DA:612,2
DA:615,2
DA:618,6
DA:621,6
DA:625,2
DA:626,6
DA:629,2
DA:633,2
DA:634,1
DA:635,1
DA:636,7
DA:637,7
DA:639,4
DA:640,2
DA:641,14
DA:642,14
DA:643,14
DA:645,2
DA:648,2
DA:649,6
DA:655,4
DA:656,2
DA:657,6
DA:660,2
DA:662,4
DA:664,2
DA:666,6
DA:667,4
DA:669,4
DA:670,4
DA:671,6
DA:674,8
DA:675,6
DA:676,2
DA:677,6
DA:679,2
DA:681,6
DA:682,2
DA:686,4
DA:689,6
DA:690,2
DA:691,4
DA:692,4
DA:694,1
DA:695,0
DA:696,0
DA:697,0
DA:698,0
DA:700,1
DA:702,2
DA:707,2
DA:708,6
DA:712,4
DA:715,6
DA:716,2
DA:717,2
DA:718,4
DA:719,4
DA:720,2
DA:723,1
DA:724,2
DA:725,1
DA:726,1
DA:727,1
DA:730,4
DA:731,4
DA:732,1
DA:735,2
DA:736,4
DA:737,2
DA:738,2
DA:739,2
LF:227
LH:222
end_of_record
SF:lib/visa_material_widgets/visa_mat_checkbox_list_tile.dart
DA:161,2
DA:190,2
DA:191,2
DA:192,2
DA:340,2
DA:342,2
DA:349,2
DA:351,2
DA:352,6
DA:354,6
DA:356,4
DA:357,6
DA:363,2
DA:364,4
DA:365,4
DA:366,2
DA:367,6
DA:369,2
DA:370,10
DA:372,2
DA:373,6
DA:378,2
DA:380,4
DA:381,2
DA:382,2
DA:383,4
DA:384,4
DA:385,4
DA:386,4
DA:387,4
DA:389,4
DA:390,4
DA:391,4
DA:392,4
DA:395,4
DA:396,2
DA:398,4
DA:400,1
DA:401,0
DA:402,2
DA:409,2
DA:410,2
DA:412,10
DA:413,2
DA:415,4
DA:416,2
DA:417,1
DA:419,3
DA:420,5
DA:421,0
DA:423,2
DA:424,2
DA:426,5
DA:427,1
DA:428,1
DA:430,3
DA:431,4
DA:432,0
DA:435,1
DA:437,3
DA:438,4
DA:439,0
DA:443,2
DA:444,0
DA:445,0
DA:448,2
DA:449,4
DA:452,2
DA:453,2
DA:455,10
DA:456,2
DA:458,6
DA:459,2
DA:460,4
DA:461,2
DA:462,6
DA:465,4
DA:466,2
DA:468,6
DA:470,2
DA:471,1
DA:473,2
DA:474,2
DA:475,6
DA:479,2
DA:480,2
DA:483,2
DA:484,4
DA:485,2
DA:486,6
DA:487,2
DA:488,2
DA:489,4
DA:490,4
DA:493,5
DA:497,1
DA:498,3
DA:499,1
DA:502,1
DA:503,2
DA:504,2
DA:508,7
DA:514,2
DA:515,3
DA:517,2
DA:519,1
DA:520,1
LF:107
LH:101
end_of_record
SF:lib/visa_material_widgets/visa_mat_chips.dart
DA:581,2
DA:608,1
DA:659,1
DA:661,1
DA:662,1
DA:663,1
DA:664,1
DA:665,1
DA:666,1
DA:667,1
DA:668,1
DA:669,1
DA:670,1
DA:672,1
DA:673,1
DA:674,1
DA:675,1
DA:676,1
DA:677,1
DA:678,1
DA:679,1
DA:680,1
DA:681,1
DA:682,1
DA:683,1
DA:684,1
DA:736,3
DA:777,4
DA:778,4
DA:871,2
DA:872,2
DA:889,6
DA:890,6
DA:892,2
DA:893,4
DA:894,4
DA:895,8
DA:899,6
DA:901,2
DA:903,8
DA:904,2
DA:905,6
DA:906,6
DA:907,4
DA:909,4
DA:912,4
DA:913,2
DA:916,4
DA:918,6
DA:921,4
DA:923,2
DA:926,4
DA:928,4
DA:935,6
DA:937,4
DA:938,2
DA:940,4
DA:941,2
DA:942,4
DA:943,2
DA:945,4
DA:946,2
DA:947,2
DA:952,4
DA:953,2
DA:956,4
DA:957,2
DA:959,2
DA:960,2
DA:965,4
DA:966,2
DA:971,2
DA:973,4
DA:974,4
DA:975,4
DA:976,4
DA:977,2
DA:980,2
DA:981,2
DA:984,2
DA:985,4
DA:986,2
DA:990,1
DA:991,1
DA:994,1
DA:995,2
DA:996,1
DA:1000,2
DA:1001,2
DA:1004,2
DA:1005,4
DA:1006,2
DA:1009,10
DA:1010,5
DA:1013,2
DA:1015,2
DA:1016,6
DA:1017,1
DA:1018,2
DA:1019,1
DA:1020,2
DA:1022,2
DA:1023,6
DA:1024,1
DA:1025,2
DA:1026,1
DA:1027,2
DA:1029,2
DA:1032,2
DA:1039,2
DA:1044,4
DA:1045,0
DA:1050,2
DA:1052,2
DA:1053,2
DA:1054,6
DA:1055,5
DA:1056,2
DA:1058,2
DA:1059,6
DA:1060,5
DA:1061,2
DA:1063,2
DA:1064,6
DA:1065,6
DA:1066,2
DA:1068,2
DA:1072,2
DA:1073,4
DA:1076,4
DA:1078,1
DA:1079,2
DA:1080,0
DA:1081,0
DA:1082,2
DA:1083,0
DA:1084,0
DA:1085,0
DA:1087,1
DA:1088,2
DA:1089,2
DA:1090,0
DA:1091,0
DA:1092,0
DA:1094,2
DA:1098,1
DA:1100,1
DA:1101,4
DA:1102,2
DA:1103,3
DA:1104,2
DA:1105,0
DA:1107,2
DA:1111,4
DA:1112,4
DA:1113,2
DA:1114,3
DA:1115,2
DA:1117,0
DA:1121,4
DA:1122,2
DA:1123,3
DA:1124,2
DA:1125,2
DA:1127,0
DA:1131,4
DA:1132,0
DA:1133,0
DA:1134,0
DA:1136,0
DA:1142,2
DA:1147,2
DA:1153,2
DA:1159,2
DA:1162,2
DA:1165,2
DA:1166,4
DA:1167,4
DA:1168,4
DA:1169,2
DA:1171,9
DA:1173,2
DA:1175,6
DA:1176,8
DA:1177,2
DA:1178,4
DA:1179,4
DA:1180,1
DA:1181,2
DA:1182,1
DA:1184,4
DA:1191,2
DA:1193,2
DA:1194,2
DA:1195,2
DA:1196,2
DA:1202,2
DA:1205,8
DA:1208,2
DA:1209,2
DA:1210,4
DA:1211,4
DA:1212,2
DA:1213,6
DA:1214,1
DA:1216,1
DA:1217,1
DA:1218,0
DA:1219,2
DA:1221,2
DA:1223,2
DA:1226,6
DA:1227,4
DA:1228,1
DA:1229,1
DA:1232,8
DA:1233,4
DA:1234,2
DA:1235,2
DA:1236,4
DA:1237,2
DA:1238,2
DA:1239,4
DA:1240,2
DA:1241,2
DA:1242,4
DA:1243,0
DA:1244,0
DA:1246,6
DA:1249,4
DA:1250,4
DA:1251,1
DA:1252,1
DA:1255,8
DA:1257,6
DA:1258,2
DA:1259,4
DA:1261,2
DA:1262,2
DA:1263,3
DA:1264,4
DA:1266,2
DA:1267,2
DA:1268,4
DA:1272,4
DA:1273,2
DA:1276,2
DA:1277,4
DA:1278,4
DA:1279,4
DA:1280,4
DA:1281,4
DA:1282,4
DA:1283,4
DA:1285,2
DA:1286,2
DA:1287,6
DA:1288,2
DA:1289,2
DA:1290,2
DA:1292,2
DA:1297,2
DA:1298,4
DA:1299,8
DA:1300,2
DA:1301,2
DA:1302,2
DA:1308,4
DA:1310,2
DA:1315,2
DA:1319,2
DA:1322,2
DA:1323,6
DA:1324,2
DA:1325,2
DA:1328,2
DA:1330,4
DA:1331,2
DA:1332,2
DA:1333,2
DA:1334,2
DA:1335,4
DA:1336,4
DA:1345,8
DA:1346,5
DA:1347,2
DA:1348,2
DA:1349,4
DA:1350,4
DA:1353,0
DA:1356,2
DA:1358,2
DA:1364,2
DA:1365,4
DA:1367,4
DA:1368,6
DA:1375,2
DA:1387,2
DA:1389,2
DA:1390,0
DA:1392,2
DA:1393,2
DA:1394,0
DA:1396,2
DA:1397,2
DA:1399,2
DA:1400,2
DA:1402,2
DA:1412,2
DA:1419,2
DA:1421,4
DA:1424,2
DA:1427,4
DA:1432,2
DA:1433,2
DA:1435,2
DA:1437,4
DA:1443,10
DA:1444,2
DA:1445,2
DA:1447,2
DA:1448,4
DA:1449,4
DA:1457,2
DA:1477,2
DA:1480,2
DA:1483,2
DA:1484,4
DA:1485,2
DA:1486,4
DA:1487,2
DA:1488,4
DA:1492,2
DA:1495,4
DA:1496,4
DA:1497,4
DA:1498,4
DA:1499,4
DA:1500,4
DA:1501,4
DA:1502,4
DA:1503,4
DA:1506,2
DA:1509,2
DA:1510,2
DA:1511,2
DA:1512,2
DA:1513,2
DA:1514,2
DA:1515,2
DA:1516,2
DA:1517,2
DA:1518,2
DA:1531,2
DA:1557,2
DA:1562,6
DA:1565,2
DA:1566,6
DA:1567,0
DA:1568,0
DA:1569,0
DA:1570,0
DA:1571,0
DA:1572,0
DA:1573,0
DA:1574,0
DA:1575,0
DA:1578,0
DA:1579,0
DA:1580,0
DA:1581,0
DA:1582,0
DA:1583,0
DA:1584,0
DA:1585,0
DA:1586,0
DA:1587,0
DA:1588,0
DA:1589,0
DA:1595,2
DA:1607,6
DA:1608,6
DA:1609,6
DA:1610,6
DA:1623,4
DA:1624,4
DA:1625,4
DA:1627,4
DA:1629,2
DA:1630,4
DA:1633,2
DA:1634,2
DA:1637,4
DA:1639,2
DA:1640,4
DA:1643,0
DA:1644,0
DA:1648,2
DA:1650,2
DA:1651,6
DA:1652,6
DA:1653,6
DA:1657,2
DA:1658,6
DA:1659,6
DA:1661,2
DA:1664,0
DA:1665,0
DA:1668,0
DA:1669,0
DA:1672,0
DA:1673,0
DA:1676,4
DA:1678,2
DA:1679,8
DA:1681,2
DA:1682,2
DA:1684,0
DA:1690,0
DA:1691,0
DA:1692,0
DA:1693,0
DA:1694,0
DA:1697,0
DA:1700,0
DA:1701,0
DA:1702,0
DA:1703,0
DA:1704,0
DA:1707,0
DA:1709,0
DA:1711,0
DA:1712,0
DA:1713,0
DA:1717,0
DA:1719,0
DA:1721,0
DA:1724,0
DA:1727,2
DA:1732,4
DA:1733,2
DA:1735,4
DA:1736,2
DA:1737,8
DA:1738,6
DA:1740,2
DA:1741,2
DA:1742,2
DA:1744,2
DA:1745,2
DA:1749,2
DA:1750,10
DA:1751,10
DA:1755,0
DA:1756,0
DA:1757,0
DA:1758,0
DA:1759,0
DA:1760,0
DA:1764,0
DA:1765,0
DA:1766,0
DA:1770,2
DA:1772,2
DA:1773,2
DA:1777,4
DA:1778,8
DA:1779,2
DA:1783,4
DA:1784,5
DA:1786,8
DA:1788,4
DA:1789,2
DA:1792,2
DA:1794,2
DA:1795,2
DA:1799,4
DA:1800,2
DA:1801,2
DA:1805,10
DA:1806,4
DA:1807,2
DA:1810,2
DA:1812,4
DA:1815,2
DA:1816,2
DA:1817,4
DA:1819,2
DA:1820,4
DA:1821,2
DA:1824,4
DA:1827,4
DA:1828,2
DA:1829,2
DA:1831,2
DA:1832,4
DA:1833,2
DA:1840,0
DA:1842,0
DA:1845,2
DA:1847,2
DA:1850,12
DA:1851,4
DA:1852,2
DA:1853,16
DA:1854,10
DA:1857,2
DA:1859,2
DA:1860,2
DA:1862,6
DA:1863,4
DA:1870,2
DA:1871,10
DA:1873,2
DA:1875,2
DA:1876,10
DA:1877,10
DA:1880,2
DA:1881,2
DA:1891,2
DA:1894,4
DA:1899,4
DA:1901,2
DA:1902,8
DA:1903,2
DA:1904,2
DA:1905,0
DA:1906,0
DA:1907,0
DA:1909,2
DA:1910,2
DA:1912,14
DA:1923,2
DA:1924,2
DA:1926,0
DA:1927,0
DA:1928,0
DA:1930,0
DA:1931,0
DA:1932,0
DA:1933,0
DA:1936,0
DA:1937,0
DA:1939,0
DA:1941,0
DA:1943,0
DA:1944,0
DA:1945,0
DA:1946,0
DA:1948,0
DA:1949,0
DA:1950,0
DA:1951,0
DA:1954,0
DA:1956,2
DA:1958,8
DA:1959,4
DA:1960,14
DA:1961,6
DA:1963,4
DA:1964,6
DA:1965,4
DA:1966,4
DA:1969,2
DA:1970,0
DA:1971,12
DA:1972,12
DA:1975,2
DA:1977,14
DA:1978,2
DA:1979,4
DA:1980,4
DA:1981,8
DA:1983,12
DA:1984,12
DA:1987,2
DA:1991,2
DA:1992,2
DA:1994,14
DA:1995,8
DA:1998,14
DA:1999,6
DA:2000,16
DA:2001,6
DA:2002,8
DA:2003,2
DA:2004,12
DA:2005,12
DA:2007,6
DA:2009,12
DA:2010,0
DA:2011,0
DA:2014,12
DA:2015,0
DA:2016,0
DA:2020,3
DA:2025,2
DA:2026,4
DA:2030,4
DA:2031,2
DA:2032,2
DA:2033,2
DA:2036,0
DA:2037,0
DA:2038,0
DA:2042,4
DA:2045,1
DA:2047,2
DA:2048,2
DA:2050,2
DA:2051,1
DA:2052,2
DA:2054,1
DA:2055,0
DA:2056,0
DA:2058,0
DA:2063,1
DA:2065,3
DA:2066,0
DA:2069,1
DA:2070,1
DA:2071,1
DA:2072,2
DA:2073,5
DA:2074,3
DA:2076,2
DA:2077,1
DA:2081,3
DA:2084,1
DA:2085,3
DA:2086,3
DA:2087,3
DA:2088,1
DA:2089,0
DA:2090,0
DA:2091,0
DA:2092,0
DA:2094,2
DA:2095,1
DA:2096,7
DA:2097,7
DA:2098,7
DA:2100,1
DA:2103,2
DA:2104,2
DA:2105,2
DA:2106,3
DA:2107,1
DA:2108,4
DA:2109,1
DA:2110,2
DA:2111,2
DA:2114,4
DA:2115,4
DA:2116,9
DA:2117,3
DA:2121,2
DA:2122,2
DA:2123,12
DA:2124,2
DA:2127,8
DA:2130,2
DA:2131,6
DA:2132,2
DA:2133,1
DA:2134,1
DA:2136,2
DA:2137,0
DA:2138,0
DA:2139,0
DA:2142,2
DA:2143,2
DA:2144,0
DA:2149,2
DA:2154,8
DA:2155,4
DA:2156,2
DA:2157,1
DA:2158,1
DA:2159,1
DA:2160,4
DA:2165,4
DA:2166,4
DA:2167,8
DA:2168,8
DA:2169,4
DA:2172,8
DA:2176,2
DA:2178,2
DA:2179,2
DA:2180,6
DA:2182,6
DA:2189,2
DA:2191,2
DA:2192,0
DA:2195,0
DA:2196,0
DA:2197,0
DA:2198,0
DA:2199,0
DA:2200,0
DA:2201,0
DA:2203,0
DA:2204,0
DA:2205,0
DA:2208,0
DA:2211,0
DA:2213,0
DA:2217,2
DA:2236,2
DA:2240,2
DA:2254,4
DA:2269,2
DA:2278,2
DA:2279,2
DA:2281,8
DA:2295,2
DA:2296,4
DA:2297,10
DA:2300,2
DA:2301,4
DA:2302,4
DA:2303,0
DA:2304,0
DA:2316,2
DA:2317,2
DA:2326,8
DA:2327,8
DA:2329,2
DA:2330,4
DA:2332,2
DA:2336,2
DA:2339,2
DA:2340,4
DA:2342,2
DA:2345,1
DA:2348,1
DA:2349,1
DA:2350,3
DA:2351,4
DA:2353,2
DA:2354,2
DA:2355,10
DA:2359,1
DA:2366,1
DA:2367,1
DA:2370,1
DA:2371,4
LF:748
LH:606
end_of_record
SF:lib/visa_material_widgets/visa_mat_circular_progress.dart
DA:63,2
DA:83,1
DA:103,2
DA:104,2
DA:111,2
DA:113,2
DA:121,3
DA:123,2
DA:126,3
DA:128,2
DA:131,2
DA:132,1
DA:133,2
DA:134,1
DA:138,2
DA:140,2
DA:141,4
DA:145,4
DA:146,2
DA:150,1
DA:152,1
DA:153,4
DA:154,2
DA:155,4
DA:156,2
DA:160,2
DA:162,4
DA:163,2
DA:166,0
DA:167,0
DA:168,0
DA:171,2
DA:173,4
DA:174,2
DA:175,0
DA:176,4
DA:177,2
DA:179,4
DA:181,2
DA:186,2
DA:187,2
DA:190,6
DA:191,4
DA:197,4
DA:198,4
DA:205,1
DA:206,1
DA:207,1
DA:208,1
DA:209,1
DA:211,3
DA:212,3
DA:213,3
DA:214,3
DA:220,2
DA:222,4
DA:223,2
DA:224,4
DA:225,2
DA:227,1
DA:228,1
DA:229,1
DA:230,1
DA:231,1
DA:232,1
DA:233,0
DA:234,1
DA:235,0
DA:236,0
DA:237,0
DA:238,2
DA:239,1
DA:241,1
DA:248,2
DA:260,1
DA:261,4
DA:262,3
DA:263,2
DA:265,4
DA:266,1
DA:267,7
DA:288,2
DA:290,2
DA:291,4
DA:292,4
DA:293,4
DA:294,2
DA:295,2
DA:296,2
DA:297,4
DA:298,4
DA:299,4
DA:300,2
DA:301,4
DA:304,2
DA:306,1
DA:309,8
DA:312,1
DA:314,3
DA:315,3
DA:316,3
DA:317,3
DA:318,3
DA:319,3
DA:320,3
DA:321,3
DA:322,3
DA:340,2
DA:407,2
DA:408,2
DA:409,2
DA:410,2
DA:412,0
DA:415,0
DA:417,0
DA:418,0
DA:422,2
DA:426,2
DA:427,2
DA:428,8
DA:430,2
DA:431,2
DA:439,2
DA:442,8
DA:444,2
DA:445,4
DA:450,0
DA:455,0
DA:456,0
LF:129
LH:114
end_of_record
SF:lib/visa_material_widgets/visa_mat_radio.dart
DA:106,2
DA:123,2
DA:317,8
DA:319,2
DA:320,2
DA:327,1
DA:329,3
DA:333,5
DA:337,1
DA:339,1
DA:340,4
DA:341,1
DA:345,2
DA:347,4
DA:348,2
DA:351,2
DA:353,6
DA:355,1
DA:356,2
DA:358,2
DA:359,4
DA:361,1
DA:362,2
DA:363,1
DA:366,1
DA:367,2
DA:373,1
DA:374,2
DA:375,2
DA:376,1
DA:377,1
DA:379,1
DA:380,2
DA:382,1
DA:386,2
DA:388,2
DA:389,2
DA:391,4
DA:392,2
DA:393,1
DA:394,4
DA:395,4
DA:396,2
DA:399,2
DA:402,2
DA:407,4
DA:410,2
DA:411,2
DA:412,2
DA:413,4
DA:414,4
DA:415,2
DA:421,4
DA:422,2
DA:423,2
DA:425,6
DA:426,2
DA:427,2
DA:428,2
DA:430,6
DA:431,2
DA:432,2
DA:433,2
DA:435,4
DA:437,6
DA:438,2
DA:439,2
DA:440,1
DA:442,4
DA:444,6
DA:445,2
DA:446,2
DA:447,1
DA:450,2
DA:452,6
DA:453,2
DA:454,1
DA:457,2
DA:459,6
DA:460,2
DA:461,1
DA:463,2
DA:465,4
DA:466,2
DA:467,4
DA:468,4
DA:471,2
DA:472,4
DA:473,4
DA:474,4
DA:475,4
DA:476,2
DA:477,2
DA:478,2
DA:479,2
DA:480,6
DA:481,4
DA:483,4
DA:484,6
DA:485,6
DA:486,2
DA:487,2
DA:494,2
DA:496,4
DA:498,4
DA:501,2
DA:502,12
DA:503,2
DA:504,2
DA:505,2
DA:508,4
DA:509,1
DA:510,4
LF:113
LH:113
end_of_record
SF:lib/visa_material_widgets/visa_mat_radio_list_tile.dart
DA:155,2
DA:179,2
DA:180,2
DA:304,4
DA:333,2
DA:335,2
DA:336,2
DA:337,2
DA:338,2
DA:339,2
DA:340,2
DA:341,2
DA:342,2
DA:344,2
DA:347,2
DA:348,2
DA:349,2
DA:351,2
DA:353,1
DA:354,1
DA:358,2
DA:359,2
DA:363,2
DA:364,2
DA:365,8
DA:366,2
DA:368,2
DA:369,2
DA:371,2
DA:372,2
DA:373,2
DA:374,2
DA:375,2
DA:376,2
DA:377,2
DA:378,1
DA:379,2
DA:380,2
DA:383,1
DA:384,3
DA:388,2
DA:389,2
DA:390,2
DA:391,2
DA:392,2
DA:393,2
LF:46
LH:46
end_of_record
SF:lib/visa_material_widgets/visa_mat_snackbar.dart
DA:60,2
DA:61,2
DA:63,1
DA:65,1
DA:67,1
DA:85,4
DA:106,3
DA:108,2
DA:112,2
DA:113,0
DA:298,0
DA:300,0
DA:311,2
DA:313,2
DA:314,2
DA:315,2
DA:316,2
DA:317,2
DA:318,2
DA:319,2
DA:320,2
DA:321,2
DA:322,2
DA:323,2
DA:324,2
DA:325,2
DA:327,2
DA:328,2
DA:329,2
DA:330,2
DA:331,2
DA:332,2
DA:333,2
DA:337,2
DA:338,2
DA:344,2
DA:346,2
DA:347,8
DA:350,0
DA:352,0
DA:353,0
DA:354,0
DA:355,0
DA:359,2
DA:361,8
DA:362,2
DA:365,2
DA:367,2
DA:368,2
DA:369,2
DA:371,2
DA:372,5
DA:373,3
DA:375,2
DA:379,2
DA:381,2
DA:382,2
DA:383,4
DA:384,2
DA:385,2
DA:386,2
DA:387,4
DA:389,2
DA:395,2
DA:396,2
DA:397,2
DA:399,2
DA:400,2
DA:401,2
DA:402,2
DA:403,2
DA:404,2
DA:409,2
DA:410,6
DA:412,5
DA:413,4
DA:416,2
DA:417,0
DA:419,0
DA:420,0
DA:421,0
DA:422,0
DA:423,0
DA:425,0
DA:429,2
DA:430,2
DA:433,2
DA:436,2
DA:438,4
DA:439,2
DA:441,4
DA:444,6
DA:445,2
DA:449,6
DA:451,6
DA:452,2
DA:453,4
DA:458,2
DA:460,2
DA:461,2
DA:462,2
DA:463,2
DA:464,4
DA:468,2
DA:470,4
DA:474,4
DA:475,1
DA:476,1
DA:477,1
DA:478,1
DA:479,1
DA:482,1
DA:485,2
DA:493,1
DA:499,6
DA:500,4
DA:501,0
DA:502,0
DA:503,4
DA:504,2
DA:511,2
DA:515,2
DA:516,2
DA:517,2
DA:518,2
DA:519,6
DA:523,2
DA:525,2
DA:527,2
DA:529,2
DA:541,4
DA:542,1
DA:544,2
DA:549,2
DA:550,4
DA:560,2
DA:567,2
DA:571,0
DA:572,0
DA:573,0
DA:575,2
DA:577,4
DA:579,1
DA:580,1
DA:581,1
DA:588,2
DA:591,2
DA:596,1
DA:598,1
DA:599,1
DA:601,1
DA:609,2
DA:610,6
DA:611,2
DA:612,4
LF:155
LH:135
end_of_record
SF:lib/visa_material_widgets/visa_mat_tabs.dart
DA:101,2
DA:108,1
DA:109,1
DA:110,1
DA:140,1
DA:141,1
DA:142,0
DA:144,0
DA:147,1
DA:149,1
DA:153,1
DA:155,1
DA:156,0
DA:158,0
DA:161,0
DA:164,0
DA:165,0
DA:166,0
DA:167,0
DA:169,0
DA:174,1
DA:175,1
DA:176,1
DA:183,0
DA:185,0
DA:186,0
DA:188,0
DA:191,1
DA:193,1
DA:194,2
DA:195,3
DA:205,2
DA:214,2
DA:223,2
DA:225,2
DA:226,2
DA:227,2
DA:231,2
DA:232,1
DA:233,2
DA:234,2
DA:235,2
DA:236,1
DA:237,1
DA:238,2
DA:239,2
DA:240,2
DA:241,4
DA:242,2
DA:243,2
DA:245,2
DA:246,1
DA:247,3
DA:248,2
DA:249,1
DA:250,1
DA:251,2
DA:252,4
DA:253,4
DA:255,2
DA:256,2
DA:257,2
DA:258,2
DA:262,2
DA:272,2
DA:281,2
DA:282,2
DA:283,2
DA:295,2
DA:297,2
DA:302,2
DA:303,2
DA:306,2
DA:307,6
DA:308,6
DA:309,2
DA:311,2
DA:312,2
DA:313,2
DA:314,0
DA:316,2
DA:317,6
DA:320,10
DA:328,2
DA:332,2
DA:344,2
DA:346,2
DA:347,2
DA:348,2
DA:349,2
DA:350,2
DA:351,2
DA:352,2
DA:353,2
DA:357,1
DA:360,1
DA:361,2
DA:365,1
DA:366,2
DA:367,2
DA:368,2
DA:372,1
DA:373,0
DA:377,3
DA:378,2
DA:382,2
DA:389,2
DA:390,2
DA:391,4
DA:393,0
DA:412,0
DA:413,0
DA:416,2
DA:417,4
DA:420,2
DA:422,2
DA:423,2
DA:428,8
DA:430,1
DA:431,1
DA:432,2
DA:433,2
DA:434,3
DA:435,3
DA:436,4
DA:440,2
DA:441,2
DA:442,2
DA:443,4
DA:444,4
DA:445,6
DA:447,2
DA:448,2
DA:449,0
DA:450,0
DA:452,2
DA:453,4
DA:454,6
DA:458,4
DA:459,5
DA:460,3
DA:461,1
DA:462,1
DA:465,6
DA:467,6
DA:469,6
DA:470,0
DA:472,0
DA:475,2
DA:478,2
DA:480,2
DA:481,8
DA:483,6
DA:484,6
DA:485,2
DA:487,7
DA:488,7
DA:489,2
DA:490,2
DA:491,8
DA:492,2
DA:494,2
DA:495,4
DA:496,2
DA:498,8
DA:501,0
DA:503,0
DA:504,0
DA:505,0
DA:506,0
DA:507,0
DA:508,0
DA:514,1
DA:518,1
DA:519,2
DA:521,0
DA:523,0
DA:526,1
DA:528,3
DA:531,1
DA:532,2
DA:537,2
DA:542,2
DA:543,4
DA:545,2
DA:547,6
DA:550,2
DA:552,6
DA:555,2
DA:557,6
DA:558,8
DA:560,8
DA:561,10
DA:570,1
DA:575,1
DA:586,1
DA:589,2
DA:597,1
DA:598,3
DA:599,3
DA:600,1
DA:603,1
DA:611,1
DA:615,1
DA:618,1
DA:622,1
DA:677,2
DA:702,2
DA:703,2
DA:704,2
DA:705,2
DA:706,2
DA:707,2
DA:708,2
DA:906,1
DA:909,2
DA:910,1
DA:911,2
DA:912,1
DA:915,3
DA:923,2
DA:924,4
DA:925,2
DA:926,6
DA:934,2
DA:935,2
DA:946,2
DA:948,2
DA:951,14
DA:954,2
DA:955,6
DA:956,4
DA:957,2
DA:959,7
DA:971,4
DA:972,12
DA:976,2
DA:977,2
DA:978,4
DA:987,6
DA:989,2
DA:991,8
DA:992,4
DA:994,0
DA:995,0
DA:996,0
DA:998,0
DA:1003,2
DA:1005,4
DA:1007,2
DA:1008,0
DA:1009,0
DA:1011,2
DA:1012,2
DA:1013,8
DA:1014,6
DA:1015,6
DA:1019,2
DA:1020,4
DA:1022,2
DA:1023,2
DA:1024,2
DA:1025,4
DA:1026,4
DA:1027,2
DA:1028,2
DA:1032,2
DA:1034,2
DA:1035,4
DA:1036,2
DA:1037,2
DA:1040,0
DA:1042,0
DA:1043,0
DA:1044,0
DA:1045,0
DA:1046,0
DA:1047,0
DA:1048,0
DA:1049,0
DA:1050,0
DA:1053,0
DA:1054,0
DA:1055,0
DA:1056,0
DA:1057,0
DA:1061,2
DA:1063,4
DA:1064,2
DA:1065,8
DA:1066,6
DA:1068,2
DA:1070,2
DA:1073,0
DA:1075,1
DA:1077,2
DA:1078,2
DA:1079,2
DA:1080,1
DA:1081,0
DA:1083,1
DA:1086,3
DA:1089,1
DA:1090,2
DA:1091,2
DA:1092,2
DA:1095,1
DA:1097,1
DA:1098,1
DA:1101,1
DA:1102,2
DA:1103,1
DA:1104,1
DA:1107,0
DA:1108,0
DA:1109,0
DA:1111,0
DA:1112,0
DA:1113,0
DA:1116,0
DA:1117,0
DA:1119,0
DA:1121,0
DA:1123,0
DA:1125,0
DA:1128,0
DA:1132,0
DA:1135,0
DA:1138,1
DA:1139,1
DA:1140,4
DA:1142,0
DA:1143,0
DA:1147,1
DA:1148,4
DA:1149,3
DA:1150,3
DA:1152,2
DA:1159,2
DA:1161,2
DA:1162,4
DA:1165,1
DA:1166,6
DA:1167,2
DA:1168,3
DA:1171,2
DA:1173,2
DA:1176,4
DA:1177,4
DA:1178,4
DA:1179,4
DA:1184,2
DA:1186,2
DA:1187,4
DA:1188,12
DA:1189,0
DA:1190,0
DA:1191,0
DA:1195,2
DA:1197,2
DA:1198,6
DA:1199,0
DA:1200,0
DA:1204,2
DA:1207,10
DA:1212,8
DA:1214,6
DA:1215,4
DA:1216,3
DA:1217,2
DA:1218,1
DA:1219,0
DA:1220,0
DA:1221,0
DA:1229,2
DA:1231,2
DA:1233,4
DA:1234,2
DA:1236,2
DA:1237,4
DA:1238,6
DA:1247,2
DA:1248,4
DA:1250,4
DA:1252,2
DA:1253,2
DA:1254,3
DA:1255,2
DA:1256,2
DA:1257,1
DA:1260,2
DA:1262,4
DA:1263,4
DA:1264,2
DA:1265,4
DA:1266,2
DA:1268,3
DA:1269,2
DA:1270,1
DA:1272,12
DA:1273,4
DA:1275,6
DA:1276,4
DA:1277,2
DA:1285,6
DA:1286,4
DA:1287,4
DA:1288,2
DA:1289,2
DA:1291,4
DA:1292,1
DA:1293,1
DA:1295,4
DA:1296,4
DA:1297,2
DA:1298,2
DA:1299,2
DA:1300,4
DA:1301,4
DA:1302,4
DA:1304,6
DA:1305,2
DA:1306,2
DA:1307,2
DA:1308,2
DA:1309,4
DA:1310,2
DA:1311,2
DA:1317,4
DA:1318,6
DA:1322,2
DA:1323,2
DA:1324,2
DA:1327,4
DA:1328,4
DA:1329,4
DA:1330,4
DA:1331,2
DA:1332,2
DA:1338,4
DA:1339,2
DA:1340,1
DA:1341,2
DA:1343,1
DA:1344,2
DA:1345,2
DA:1348,4
DA:1349,0
DA:1350,0
DA:1377,2
DA:1383,1
DA:1384,1
DA:1385,1
DA:1413,1
DA:1414,1
DA:1428,3
DA:1430,1
DA:1432,4
DA:1433,2
DA:1435,0
DA:1436,0
DA:1437,0
DA:1439,0
DA:1444,1
DA:1446,2
DA:1448,1
DA:1449,0
DA:1451,1
DA:1452,1
DA:1453,4
DA:1457,1
DA:1459,1
DA:1460,1
DA:1463,1
DA:1465,1
DA:1466,1
DA:1467,3
DA:1468,3
DA:1471,0
DA:1473,0
DA:1474,0
DA:1475,0
DA:1476,0
DA:1477,0
DA:1479,0
DA:1480,0
DA:1484,1
DA:1486,1
DA:1487,4
DA:1489,1
DA:1491,1
DA:1494,1
DA:1495,3
DA:1496,4
DA:1499,1
DA:1500,4
DA:1504,4
DA:1505,3
DA:1506,1
DA:1510,1
DA:1511,1
DA:1513,5
DA:1514,0
DA:1517,2
DA:1519,1
DA:1520,0
DA:1521,0
DA:1524,2
DA:1526,4
DA:1527,2
DA:1528,3
DA:1530,2
DA:1531,1
DA:1534,5
DA:1535,2
DA:1536,2
DA:1537,0
DA:1538,1
DA:1539,2
DA:1540,2
DA:1542,3
DA:1543,2
DA:1544,4
DA:1545,2
DA:1547,2
DA:1549,3
DA:1551,1
DA:1552,2
DA:1553,2
DA:1554,4
DA:1555,0
DA:1557,1
DA:1563,1
DA:1564,2
DA:1566,2
DA:1568,2
DA:1569,1
DA:1570,2
DA:1571,7
DA:1572,0
DA:1573,0
DA:1575,2
DA:1576,7
DA:1577,1
DA:1578,5
DA:1579,3
DA:1580,2
DA:1581,2
DA:1582,7
DA:1585,2
DA:1590,1
DA:1592,2
DA:1593,6
DA:1594,0
DA:1595,0
DA:1596,0
DA:1600,1
DA:1601,1
DA:1602,1
DA:1603,1
DA:1604,2
DA:1605,1
DA:1606,2
DA:1607,1
DA:1608,0
DA:1609,1
DA:1622,1
DA:1627,1
DA:1628,1
DA:1629,1
DA:1630,1
DA:1641,1
DA:1643,1
DA:1644,1
DA:1645,1
DA:1647,1
DA:1648,1
DA:1649,2
DA:1665,1
DA:1671,0
DA:1672,0
DA:1695,1
DA:1702,1
DA:1704,0
DA:1705,0
DA:1706,0
DA:1707,0
DA:1708,0
DA:1710,0
DA:1715,1
DA:1716,2
DA:1717,3
DA:1718,4
DA:1719,0
DA:1720,3
DA:1721,0
DA:1723,1
DA:1726,1
DA:1728,1
DA:1729,1
DA:1733,1
DA:1735,1
DA:1737,4
DA:1739,1
DA:1741,1
DA:1743,2
DA:1745,1
DA:1746,2
DA:1748,0
DA:1749,0
DA:1750,0
DA:1752,0
DA:1757,1
DA:1758,1
DA:1759,1
DA:1762,1
DA:1764,1
DA:1765,1
DA:1766,1
DA:1767,2
DA:1768,1
DA:1769,1
DA:1772,3
DA:1773,1
DA:1775,1
LF:625
LH:505
end_of_record
SF:lib/widgets/visa_accordion/visa_accordion.dart
DA:26,2
DA:88,1
DA:123,1
DA:125,1
DA:126,1
DA:127,1
DA:129,1
DA:131,1
DA:133,1
DA:134,1
DA:135,1
DA:136,1
DA:137,1
DA:138,1
DA:139,2
DA:140,1
DA:141,1
DA:143,1
DA:144,1
DA:145,1
DA:147,1
DA:148,1
DA:149,1
DA:151,1
DA:153,1
DA:154,1
DA:156,1
DA:158,1
DA:159,1
DA:160,1
DA:161,1
DA:162,1
DA:163,1
DA:166,1
DA:168,1
DA:172,1
DA:174,3
DA:175,3
DA:177,3
DA:178,1
DA:179,2
DA:181,3
DA:182,1
DA:183,2
DA:184,3
DA:185,3
DA:186,3
DA:188,3
DA:189,3
DA:191,3
DA:193,3
DA:194,1
DA:195,2
DA:196,3
DA:198,3
DA:199,1
DA:200,2
DA:202,3
DA:204,3
DA:206,3
DA:208,3
DA:209,3
DA:210,1
DA:211,1
DA:212,1
DA:213,1
DA:215,3
DA:217,3
DA:218,3
DA:224,2
DA:239,1
DA:256,1
DA:257,1
DA:265,3
DA:268,5
DA:270,1
DA:272,1
DA:274,1
DA:275,3
DA:279,1
DA:281,1
DA:283,3
DA:284,2
DA:288,1
DA:291,5
DA:292,3
DA:293,1
DA:294,1
DA:296,3
DA:297,1
DA:298,1
DA:301,3
DA:303,3
DA:305,3
DA:307,3
DA:309,3
DA:311,3
DA:313,3
DA:315,3
DA:317,3
DA:319,3
DA:321,3
DA:323,3
DA:325,3
DA:327,3
DA:328,2
DA:329,2
DA:330,2
DA:331,2
DA:332,2
DA:333,2
DA:334,2
DA:335,2
DA:336,2
DA:337,2
DA:338,2
DA:339,2
DA:340,2
DA:341,2
DA:343,1
DA:344,4
DA:347,2
DA:348,2
DA:349,2
DA:351,2
DA:354,3
DA:357,1
DA:358,4
DA:359,3
DA:362,1
DA:363,0
DA:365,1
DA:366,3
DA:368,2
DA:369,3
DA:371,3
DA:374,1
DA:375,2
DA:376,2
DA:377,3
DA:379,3
DA:381,2
DA:382,1
DA:383,2
DA:384,1
DA:386,3
DA:389,1
DA:390,2
DA:391,1
DA:394,1
DA:395,3
DA:398,3
DA:401,1
DA:403,1
DA:404,1
DA:406,0
DA:407,0
DA:409,1
DA:410,1
DA:412,0
DA:413,0
DA:417,1
DA:418,1
DA:419,1
DA:420,1
DA:421,1
DA:424,1
DA:425,1
DA:426,1
DA:428,5
DA:429,1
DA:430,2
DA:431,3
DA:432,1
DA:433,1
DA:437,1
DA:441,1
DA:443,2
DA:445,1
DA:446,3
DA:447,1
DA:448,1
DA:452,1
DA:457,1
DA:459,2
DA:460,2
DA:461,0
DA:462,0
DA:463,0
DA:464,0
DA:465,0
DA:470,1
DA:471,3
DA:475,1
DA:477,2
DA:479,1
DA:480,1
DA:481,2
DA:482,1
DA:485,2
DA:486,1
DA:487,1
DA:489,1
DA:491,3
DA:494,2
DA:495,1
DA:499,1
DA:505,1
DA:509,1
DA:510,1
DA:513,1
DA:514,1
DA:520,1
DA:522,3
DA:523,1
DA:525,1
DA:529,1
DA:530,1
DA:534,1
DA:536,1
DA:537,2
DA:538,1
DA:541,1
DA:542,2
DA:549,1
DA:550,1
DA:551,2
DA:552,3
DA:555,2
DA:568,1
DA:569,3
DA:570,1
DA:572,1
DA:573,1
DA:575,1
DA:577,2
DA:581,1
DA:582,2
DA:592,1
DA:593,1
DA:594,2
DA:597,2
DA:599,1
DA:600,5
DA:601,2
LF:245
LH:235
end_of_record
SF:lib/widgets/visa_app_bar/visa_app_bar.dart
DA:26,4
DA:40,1
DA:50,1
DA:51,1
DA:52,1
DA:53,1
DA:54,1
DA:55,1
DA:56,1
DA:57,1
DA:60,1
DA:62,1
DA:66,1
DA:67,3
DA:68,3
DA:69,3
DA:70,3
DA:71,3
DA:72,3
DA:73,1
DA:79,7
DA:91,5
DA:104,6
DA:107,8
DA:108,18
DA:109,4
DA:110,5
DA:112,3
DA:113,1
DA:114,1
DA:116,14
DA:117,15
DA:118,9
DA:120,19
DA:122,21
DA:124,19
DA:126,21
DA:128,6
DA:130,6
DA:131,6
DA:136,6
DA:137,6
DA:138,6
DA:139,6
DA:141,6
DA:142,3
DA:145,3
DA:148,3
DA:149,1
DA:150,1
DA:153,3
DA:155,3
DA:165,6
DA:166,6
LF:54
LH:54
end_of_record
SF:lib/widgets/visa_avatar/visa_avatar.dart
DA:24,2
DA:42,1
DA:53,1
DA:54,1
DA:55,1
DA:56,1
DA:57,1
DA:58,1
DA:60,1
DA:62,1
DA:63,1
DA:66,1
DA:68,1
DA:72,1
DA:73,3
DA:74,3
DA:75,3
DA:76,3
DA:78,3
DA:79,1
DA:80,1
DA:81,1
DA:87,2
DA:100,1
DA:111,1
DA:114,3
DA:115,3
DA:116,1
DA:117,1
DA:119,3
DA:120,1
DA:121,1
DA:123,3
DA:124,3
DA:125,3
DA:126,3
DA:128,3
DA:130,1
DA:131,1
DA:132,1
DA:133,1
DA:134,1
DA:135,1
DA:136,1
DA:139,1
DA:142,1
DA:146,1
DA:147,1
DA:148,1
DA:149,1
DA:150,1
DA:151,1
DA:160,2
DA:172,1
DA:182,3
DA:184,1
DA:187,3
DA:188,1
DA:190,1
DA:193,3
DA:197,1
DA:198,1
DA:199,1
DA:200,1
DA:201,1
DA:202,1
DA:203,1
DA:204,1
DA:205,1
DA:206,1
DA:208,1
DA:210,1
DA:213,1
DA:214,1
DA:215,1
DA:216,1
DA:219,1
LF:77
LH:77
end_of_record
SF:lib/widgets/visa_badge/visa_badge.dart
DA:25,2
DA:51,1
DA:65,1
DA:66,1
DA:67,1
DA:68,1
DA:69,1
DA:70,1
DA:71,1
DA:72,1
DA:73,1
DA:74,1
DA:75,1
DA:76,1
DA:79,1
DA:81,1
DA:85,1
DA:86,3
DA:87,3
DA:88,3
DA:89,3
DA:90,3
DA:92,3
DA:93,3
DA:94,3
DA:95,3
DA:96,3
DA:97,3
DA:106,1
DA:120,1
DA:131,1
DA:133,1
DA:135,3
DA:136,3
DA:137,3
DA:138,2
DA:139,2
DA:140,3
DA:142,3
DA:143,3
DA:144,3
DA:145,3
DA:147,3
DA:148,3
DA:150,1
DA:151,1
DA:152,2
DA:153,2
DA:154,1
DA:160,1
DA:163,1
DA:165,1
DA:166,1
DA:168,1
DA:170,1
DA:171,1
DA:176,1
DA:180,2
DA:183,1
DA:184,1
DA:188,1
DA:189,2
DA:190,2
DA:193,1
DA:195,1
DA:197,1
DA:199,1
DA:200,1
DA:204,1
DA:208,2
DA:211,1
DA:212,1
DA:216,1
DA:217,1
DA:219,1
DA:220,2
DA:221,2
DA:224,1
DA:226,1
DA:228,1
DA:230,1
DA:231,1
DA:235,1
DA:239,2
DA:242,1
DA:243,1
DA:246,1
DA:247,1
DA:248,2
DA:254,2
DA:257,1
DA:258,1
DA:261,1
DA:262,2
DA:263,2
DA:264,1
DA:270,1
DA:273,1
DA:275,1
DA:276,1
DA:278,1
DA:280,1
DA:281,1
DA:286,1
DA:290,2
DA:293,1
DA:294,1
DA:300,2
DA:301,1
DA:303,1
DA:304,1
DA:305,1
DA:306,1
DA:308,1
DA:309,1
DA:310,1
DA:311,1
DA:312,1
DA:313,1
DA:314,1
DA:315,1
DA:316,1
DA:322,1
DA:339,1
DA:341,1
DA:342,1
DA:343,1
DA:344,1
DA:345,1
DA:346,1
DA:347,1
DA:352,1
DA:353,1
DA:354,1
DA:355,1
DA:356,1
DA:357,1
DA:362,1
DA:363,1
DA:364,1
DA:365,3
DA:368,1
DA:371,2
DA:372,1
DA:379,1
DA:380,1
DA:381,1
DA:382,1
DA:388,1
DA:403,1
DA:405,1
DA:407,1
DA:408,1
DA:411,1
DA:412,1
DA:413,1
DA:415,1
DA:416,1
DA:417,1
DA:418,4
DA:425,1
DA:428,1
DA:429,1
DA:430,1
DA:434,1
LF:165
LH:165
end_of_record
SF:lib/widgets/visa_banner/visa_banner.dart
DA:25,2
DA:72,1
DA:98,1
DA:99,1
DA:100,1
DA:101,1
DA:102,1
DA:103,1
DA:104,1
DA:105,1
DA:106,1
DA:107,1
DA:108,1
DA:109,1
DA:110,1
DA:111,1
DA:112,1
DA:114,1
DA:115,1
DA:116,1
DA:117,1
DA:118,1
DA:119,1
DA:120,1
DA:121,1
DA:122,1
DA:125,1
DA:127,1
DA:131,1
DA:132,3
DA:133,3
DA:134,3
DA:135,3
DA:136,3
DA:137,3
DA:138,3
DA:139,3
DA:140,3
DA:141,3
DA:142,3
DA:143,3
DA:144,3
DA:145,1
DA:146,1
DA:147,1
DA:148,1
DA:149,1
DA:150,1
DA:151,1
DA:152,1
DA:153,1
DA:154,1
DA:163,1
DA:183,1
DA:194,1
DA:197,3
DA:198,1
DA:200,1
DA:203,1
DA:204,3
DA:205,3
DA:206,3
DA:207,3
DA:209,3
DA:211,3
DA:212,3
DA:213,3
DA:214,3
DA:216,3
DA:218,3
DA:220,3
DA:222,4
DA:224,4
DA:225,2
DA:226,2
DA:227,2
DA:228,2
DA:229,2
DA:230,2
DA:231,4
DA:233,4
DA:235,4
DA:237,4
DA:239,4
DA:240,2
DA:241,2
DA:243,1
DA:244,1
DA:246,1
DA:247,1
DA:248,1
DA:249,2
DA:255,1
DA:257,1
DA:258,1
DA:259,2
DA:265,1
DA:267,1
DA:268,1
DA:269,2
DA:275,1
DA:277,1
DA:278,1
DA:279,2
DA:285,1
DA:289,1
DA:293,1
DA:294,1
DA:295,1
DA:296,0
DA:297,0
DA:298,0
DA:302,1
DA:304,1
DA:305,1
DA:308,1
DA:309,1
DA:310,1
DA:311,1
DA:318,1
DA:319,1
DA:320,2
DA:321,1
DA:323,1
DA:324,1
DA:325,1
DA:327,1
DA:330,1
DA:331,1
DA:332,1
DA:334,1
DA:337,1
DA:339,1
DA:340,1
DA:341,3
DA:342,1
DA:343,2
DA:346,1
DA:347,1
DA:348,1
DA:351,2
DA:352,1
DA:357,1
DA:359,1
DA:360,2
DA:364,1
DA:365,1
DA:366,1
DA:367,1
DA:368,1
DA:378,1
DA:380,1
DA:385,1
DA:386,1
DA:390,1
DA:391,1
DA:392,1
DA:393,1
DA:394,2
DA:395,1
DA:400,1
DA:405,1
DA:407,1
DA:411,1
DA:412,1
DA:420,1
DA:422,1
DA:427,1
DA:428,1
DA:432,1
DA:433,1
DA:434,1
DA:435,3
DA:436,1
DA:445,1
DA:446,1
DA:447,1
DA:448,3
DA:450,1
DA:451,1
DA:452,1
DA:455,1
DA:456,1
DA:457,1
DA:462,1
DA:466,1
DA:467,1
DA:484,1
DA:485,1
DA:488,1
DA:491,1
DA:494,1
LF:192
LH:189
end_of_record
SF:lib/widgets/visa_bottom_nav_bar/visa_bottom_nav_bar.dart
DA:25,2
DA:54,1
DA:69,1
DA:70,1
DA:71,1
DA:72,1
DA:73,1
DA:74,1
DA:75,1
DA:76,1
DA:77,1
DA:78,1
DA:79,1
DA:80,1
DA:81,1
DA:83,1
DA:85,1
DA:89,1
DA:90,3
DA:92,3
DA:94,3
DA:96,3
DA:98,3
DA:99,3
DA:100,3
DA:101,3
DA:102,3
DA:104,3
DA:105,3
DA:107,3
DA:123,1
DA:134,1
DA:137,3
DA:138,3
DA:139,1
DA:140,1
DA:142,3
DA:143,1
DA:144,1
DA:146,3
DA:147,3
DA:149,1
DA:151,1
DA:153,1
DA:154,2
DA:155,1
DA:156,1
DA:158,1
DA:159,5
DA:160,1
DA:161,1
DA:162,2
DA:163,4
DA:164,1
DA:165,3
DA:166,3
DA:167,1
DA:168,1
DA:169,1
DA:171,1
DA:172,1
DA:174,3
DA:192,1
DA:210,1
DA:223,1
DA:225,1
DA:226,3
DA:228,3
DA:229,3
DA:231,3
DA:232,2
DA:233,2
DA:234,2
DA:235,2
DA:236,2
DA:237,2
DA:238,2
DA:239,2
DA:241,1
DA:242,1
DA:244,1
DA:246,1
DA:247,4
DA:249,1
DA:250,1
DA:251,1
DA:252,1
DA:253,1
DA:254,3
DA:257,1
DA:261,1
DA:262,1
DA:266,1
DA:267,1
DA:268,3
DA:271,3
DA:274,1
DA:276,3
DA:283,1
DA:284,1
DA:287,4
DA:288,3
DA:291,3
LF:103
LH:103
end_of_record
SF:lib/widgets/visa_button/visa_button.dart
DA:24,43
DA:53,2
DA:71,2
DA:73,2
DA:75,1
DA:77,2
DA:79,2
DA:80,2
DA:81,2
DA:82,2
DA:83,2
DA:84,2
DA:85,2
DA:86,2
DA:87,2
DA:88,2
DA:89,1
DA:92,1
DA:94,1
DA:98,1
DA:100,3
DA:102,3
DA:104,3
DA:106,3
DA:108,3
DA:110,3
DA:111,3
DA:112,3
DA:113,1
DA:115,3
DA:117,3
DA:118,1
DA:119,1
DA:120,1
DA:126,7
DA:132,7
DA:139,7
DA:142,9
DA:143,21
DA:144,2
DA:145,7
DA:147,3
DA:148,1
DA:149,1
DA:153,17
DA:155,16
DA:157,17
DA:159,17
DA:161,16
DA:162,12
DA:163,19
DA:165,26
DA:167,26
DA:168,12
DA:169,14
DA:170,12
DA:171,14
DA:172,12
DA:173,10
DA:174,12
DA:175,10
DA:176,7
DA:180,14
DA:182,12
DA:184,7
DA:185,7
DA:186,7
DA:187,7
DA:188,7
DA:189,7
DA:190,7
DA:195,7
DA:196,7
DA:197,7
DA:202,7
DA:203,4
DA:204,4
DA:207,1
DA:213,7
DA:215,7
DA:217,7
DA:219,7
DA:220,7
DA:221,7
DA:222,2
DA:223,2
DA:227,6
DA:228,6
DA:234,7
DA:240,1
DA:246,1
DA:253,1
DA:256,3
DA:257,1
DA:259,1
DA:263,3
DA:265,3
DA:267,3
DA:269,3
DA:271,3
DA:273,3
DA:274,3
DA:276,4
DA:278,4
DA:279,2
DA:280,2
DA:281,2
DA:282,2
DA:284,4
DA:286,1
DA:287,1
DA:288,1
DA:289,1
DA:290,1
DA:295,1
DA:296,1
DA:297,1
DA:302,1
DA:303,1
DA:304,1
DA:307,1
DA:313,1
DA:315,1
DA:317,1
DA:319,1
DA:320,1
DA:321,1
DA:322,1
DA:326,1
DA:331,1
DA:333,1
DA:334,2
LF:132
LH:132
end_of_record
SF:lib/widgets/visa_checkbox/models/nested_indeterminate_item.dart
DA:22,2
DA:26,2
DA:27,6
DA:28,2
DA:32,2
DA:36,8
DA:39,1
DA:40,2
LF:8
LH:8
end_of_record
SF:lib/widgets/visa_checkbox/visa_checkbox.dart
DA:26,2
DA:56,1
DA:71,1
DA:72,1
DA:73,1
DA:74,1
DA:75,1
DA:76,1
DA:77,1
DA:78,1
DA:79,1
DA:80,1
DA:81,1
DA:82,1
DA:83,1
DA:84,1
DA:87,1
DA:89,1
DA:93,1
DA:94,3
DA:96,3
DA:98,3
DA:99,3
DA:101,3
DA:103,3
DA:104,3
DA:105,3
DA:106,3
DA:107,3
DA:109,3
DA:110,3
DA:111,1
DA:119,1
DA:136,1
DA:151,1
DA:152,1
DA:156,1
DA:159,5
DA:160,3
DA:161,1
DA:162,1
DA:164,3
DA:165,1
DA:166,1
DA:168,4
DA:170,4
DA:171,4
DA:173,4
DA:175,4
DA:177,4
DA:178,3
DA:179,2
DA:185,2
DA:187,1
DA:190,2
DA:191,1
DA:194,1
DA:202,2
DA:204,2
DA:205,2
DA:206,2
DA:207,2
DA:208,2
DA:210,2
DA:211,2
DA:213,1
DA:214,2
DA:215,0
DA:216,2
DA:217,2
DA:222,1
DA:223,2
DA:224,1
DA:226,2
DA:227,1
DA:228,2
DA:229,2
DA:230,2
DA:236,1
DA:277,1
DA:278,1
DA:286,1
DA:288,1
DA:289,4
DA:290,2
DA:291,4
DA:292,4
DA:296,1
DA:298,1
DA:299,5
DA:300,1
DA:301,3
DA:302,1
DA:303,3
DA:304,2
DA:305,2
DA:306,2
DA:307,2
DA:308,0
DA:310,2
DA:316,2
DA:317,2
DA:318,2
DA:319,2
DA:320,2
DA:321,0
DA:323,2
DA:329,1
DA:330,3
DA:331,2
DA:332,2
DA:333,2
DA:334,2
DA:335,2
DA:337,2
DA:342,2
DA:343,2
DA:344,2
DA:345,2
DA:346,2
DA:348,2
DA:356,4
DA:357,1
DA:358,3
DA:359,3
DA:361,3
DA:362,1
DA:363,3
DA:364,3
DA:369,2
DA:373,1
DA:377,1
DA:378,3
DA:379,1
DA:380,3
DA:383,2
DA:384,1
DA:385,2
DA:386,2
DA:387,2
DA:390,2
DA:391,2
DA:392,2
DA:396,2
DA:397,2
DA:401,2
DA:404,1
DA:408,1
DA:409,4
DA:412,0
DA:413,0
DA:414,0
DA:415,0
DA:418,1
DA:419,1
DA:420,1
DA:421,1
DA:422,1
DA:426,1
DA:427,7
DA:428,1
DA:433,1
DA:434,1
DA:435,6
DA:436,1
DA:437,7
DA:438,1
DA:444,1
DA:445,1
DA:449,2
DA:450,1
DA:451,1
DA:452,1
DA:455,1
DA:456,2
DA:457,1
DA:458,1
DA:459,1
DA:460,1
DA:461,1
DA:462,1
DA:464,2
DA:466,1
DA:467,1
DA:469,2
DA:473,1
DA:477,1
DA:479,3
DA:491,1
DA:508,1
DA:510,1
DA:513,3
DA:516,2
DA:520,1
DA:522,1
DA:523,3
DA:524,3
DA:526,3
DA:527,3
DA:528,1
DA:530,1
DA:532,2
DA:533,1
DA:536,1
DA:544,1
DA:546,1
DA:547,3
DA:550,1
DA:551,1
DA:552,1
DA:556,2
DA:559,1
DA:560,1
DA:570,1
DA:581,1
DA:591,1
DA:593,1
DA:597,1
DA:599,1
DA:600,1
DA:601,4
DA:604,4
DA:605,4
DA:607,4
DA:609,4
DA:610,1
DA:612,1
DA:613,1
DA:614,1
DA:617,2
DA:618,1
DA:619,2
DA:620,2
DA:622,1
DA:623,2
DA:624,2
DA:628,1
DA:631,2
DA:633,1
DA:634,1
DA:636,1
DA:637,2
DA:638,3
DA:649,1
DA:650,1
DA:651,2
DA:652,1
DA:653,5
DA:654,1
DA:655,1
DA:662,1
DA:663,1
DA:670,1
DA:671,3
DA:672,3
DA:673,1
DA:674,1
DA:675,3
DA:676,2
DA:677,2
DA:679,1
DA:680,2
DA:682,2
DA:683,2
LF:264
LH:257
end_of_record
SF:lib/widgets/visa_chips/visa_chips.dart
DA:23,2
DA:67,1
DA:91,1
DA:93,1
DA:95,1
DA:97,1
DA:99,1
DA:101,1
DA:103,1
DA:105,1
DA:107,1
DA:109,1
DA:111,1
DA:112,1
DA:113,1
DA:114,1
DA:115,1
DA:116,1
DA:117,1
DA:118,1
DA:119,1
DA:120,1
DA:121,1
DA:122,1
DA:125,1
DA:128,1
DA:132,1
DA:134,3
DA:136,3
DA:137,1
DA:138,2
DA:140,3
DA:142,3
DA:143,1
DA:144,2
DA:146,3
DA:148,3
DA:150,3
DA:152,3
DA:154,3
DA:156,3
DA:158,3
DA:160,3
DA:162,3
DA:164,3
DA:165,3
DA:166,1
DA:167,1
DA:168,1
DA:169,1
DA:175,1
DA:184,1
DA:194,1
DA:195,1
DA:201,1
DA:204,5
DA:205,3
DA:206,1
DA:207,1
DA:209,3
DA:210,1
DA:211,1
DA:213,2
DA:214,2
DA:216,2
DA:217,2
DA:218,2
DA:219,2
DA:220,2
DA:221,2
DA:223,3
DA:225,3
DA:227,3
DA:229,3
DA:231,3
DA:233,3
DA:235,3
DA:237,3
DA:239,3
DA:241,3
DA:243,3
DA:245,3
DA:247,3
DA:249,3
DA:251,3
DA:253,3
DA:255,3
DA:257,1
DA:258,2
DA:261,2
DA:262,1
DA:264,2
DA:270,1
DA:271,2
DA:274,2
DA:280,1
DA:281,2
DA:284,1
DA:287,2
DA:290,2
DA:293,1
DA:299,1
DA:300,2
DA:301,1
DA:303,2
DA:304,1
DA:306,2
DA:312,1
DA:313,4
DA:315,0
DA:316,0
DA:317,0
DA:320,4
DA:322,0
DA:323,0
DA:324,0
DA:327,1
DA:331,1
DA:332,1
DA:336,1
DA:337,1
DA:338,1
DA:339,1
DA:340,1
DA:343,1
DA:344,1
DA:345,2
DA:349,1
DA:354,1
DA:359,1
DA:361,1
DA:362,1
DA:363,1
DA:364,2
DA:369,1
DA:370,2
DA:371,1
DA:373,1
DA:375,1
DA:384,2
DA:385,2
DA:386,2
DA:387,2
DA:394,2
DA:434,1
DA:455,1
DA:456,1
DA:457,1
DA:459,1
DA:460,1
DA:461,1
DA:462,1
DA:463,1
DA:464,1
DA:465,1
DA:466,1
DA:468,1
DA:470,1
DA:472,1
DA:473,1
DA:474,1
DA:475,1
DA:476,1
DA:477,1
DA:480,1
DA:483,1
DA:487,1
DA:488,3
DA:489,3
DA:491,3
DA:493,3
DA:495,3
DA:497,3
DA:499,3
DA:500,3
DA:502,3
DA:503,3
DA:504,1
DA:505,2
DA:507,3
DA:509,3
DA:510,1
DA:511,1
DA:512,1
DA:513,1
DA:514,1
DA:526,1
DA:537,1
DA:549,1
DA:550,1
DA:556,1
DA:559,5
DA:560,1
DA:562,1
DA:564,2
DA:565,2
DA:566,2
DA:567,2
DA:568,2
DA:569,2
DA:570,2
DA:571,2
DA:572,2
DA:573,2
DA:575,3
DA:577,3
DA:579,3
DA:581,3
DA:582,3
DA:584,3
DA:586,3
DA:588,3
DA:590,3
DA:592,3
DA:594,3
DA:596,3
DA:598,3
DA:600,1
DA:601,2
DA:602,1
DA:607,1
DA:608,1
DA:611,2
DA:614,2
DA:615,1
DA:617,3
DA:619,1
DA:622,1
DA:623,1
DA:626,2
DA:629,1
DA:632,1
DA:633,2
DA:636,2
DA:637,3
DA:644,1
DA:645,4
DA:646,1
DA:647,4
DA:649,0
DA:650,0
DA:651,0
DA:654,0
DA:655,0
DA:656,0
DA:659,0
DA:660,0
DA:661,0
DA:664,1
DA:668,1
DA:670,3
DA:671,1
DA:674,1
DA:678,1
DA:679,1
DA:682,1
DA:683,1
DA:688,1
DA:693,1
DA:696,1
DA:697,2
DA:698,1
DA:699,1
DA:700,1
DA:701,1
DA:702,2
DA:704,1
DA:705,2
DA:714,1
DA:716,1
DA:720,1
DA:721,1
DA:724,1
DA:726,1
DA:728,1
DA:732,4
DA:734,3
DA:735,1
DA:737,6
DA:738,4
DA:740,2
DA:741,2
LF:282
LH:267
end_of_record
SF:lib/widgets/visa_combobox/visa_combobox.dart
DA:24,2
DA:49,1
DA:63,1
DA:64,1
DA:65,1
DA:67,1
DA:68,1
DA:69,1
DA:70,1
DA:71,1
DA:72,1
DA:73,1
DA:74,1
DA:75,1
DA:78,1
DA:80,1
DA:84,1
DA:85,1
DA:86,1
DA:87,1
DA:90,1
DA:91,1
DA:92,1
DA:95,1
DA:96,1
DA:97,1
DA:100,1
DA:101,1
DA:102,1
DA:105,1
DA:106,1
DA:107,1
DA:110,1
DA:111,1
DA:112,1
DA:115,1
DA:116,1
DA:117,1
DA:120,2
DA:121,2
DA:122,2
DA:123,2
DA:129,1
DA:141,1
DA:154,1
DA:155,1
DA:161,1
DA:163,3
DA:164,5
DA:165,1
DA:168,1
DA:169,3
DA:170,3
DA:171,2
DA:172,3
DA:175,2
DA:176,3
DA:177,1
DA:178,3
DA:179,4
DA:182,1
DA:188,1
DA:189,3
DA:190,4
DA:193,1
DA:194,3
DA:195,2
DA:196,1
DA:197,2
DA:198,4
DA:199,1
DA:202,1
DA:203,2
DA:205,1
DA:209,1
DA:211,1
DA:215,1
DA:218,3
DA:219,2
DA:226,1
DA:227,1
DA:228,1
DA:229,3
DA:235,1
DA:238,5
DA:239,3
DA:240,1
DA:241,1
DA:243,3
DA:244,1
DA:245,1
DA:249,4
DA:250,4
DA:252,4
DA:253,4
DA:254,4
DA:256,4
DA:258,5
DA:259,3
DA:260,2
DA:261,3
DA:262,2
DA:263,4
DA:264,2
DA:266,1
DA:268,1
DA:269,3
DA:270,2
DA:271,1
DA:275,1
DA:276,1
DA:280,1
DA:286,0
DA:287,0
DA:289,0
DA:294,1
DA:295,2
DA:296,1
DA:301,1
DA:303,1
DA:304,1
DA:305,1
DA:309,1
DA:310,2
DA:311,1
DA:312,1
DA:313,2
DA:314,1
DA:320,1
DA:321,1
DA:324,1
DA:327,2
DA:328,1
DA:329,1
DA:330,1
DA:331,2
DA:332,2
DA:333,2
DA:335,1
DA:337,3
DA:340,1
DA:343,1
DA:344,0
DA:345,0
DA:346,0
DA:347,0
DA:348,0
DA:351,0
DA:352,0
DA:356,1
DA:358,3
DA:359,2
DA:362,1
DA:363,1
DA:365,1
DA:366,1
DA:367,3
DA:368,2
DA:369,1
DA:372,1
DA:373,1
DA:374,1
DA:383,1
DA:384,1
DA:385,2
DA:386,1
LF:166
LH:156
end_of_record
SF:lib/widgets/visa_content_card/visa_content_card.dart
DA:25,2
DA:36,1
DA:44,1
DA:45,1
DA:46,1
DA:47,1
DA:48,1
DA:49,1
DA:52,1
DA:54,1
DA:58,1
DA:59,3
DA:60,3
DA:61,3
DA:62,3
DA:63,3
DA:69,2
DA:85,1
DA:104,1
DA:105,1
DA:112,1
DA:113,2
DA:114,2
DA:116,1
DA:119,0
DA:120,0
DA:123,0
DA:126,0
DA:129,1
DA:132,5
DA:133,5
DA:135,5
DA:137,3
DA:138,3
DA:139,4
DA:140,4
DA:141,1
DA:142,2
DA:143,3
DA:145,3
DA:146,3
DA:148,3
DA:151,1
DA:152,2
DA:153,1
DA:154,3
DA:155,2
DA:158,2
DA:159,1
DA:160,2
DA:161,2
DA:164,2
DA:165,1
DA:166,2
DA:167,2
DA:170,2
DA:171,1
DA:174,1
DA:175,1
DA:178,1
DA:179,1
DA:183,1
DA:184,2
DA:187,1
DA:188,1
DA:189,1
DA:191,1
DA:194,1
DA:196,1
DA:197,2
DA:198,2
DA:199,2
DA:200,1
DA:201,1
DA:202,2
DA:203,2
LF:76
LH:72
end_of_record
SF:lib/widgets/visa_dialog/visa_dialog.dart
DA:24,2
DA:42,1
DA:52,1
DA:53,1
DA:54,1
DA:55,1
DA:56,1
DA:57,1
DA:58,1
DA:59,1
DA:62,1
DA:64,1
DA:68,1
DA:69,3
DA:70,3
DA:71,3
DA:72,3
DA:73,3
DA:74,3
DA:75,3
DA:83,1
DA:96,1
DA:98,1
DA:107,1
DA:109,1
DA:110,3
DA:112,3
DA:114,3
DA:115,3
DA:116,3
DA:118,3
DA:120,3
DA:121,1
DA:122,1
DA:125,1
DA:128,1
DA:131,1
DA:137,1
DA:138,1
DA:139,1
DA:140,1
DA:141,1
DA:153,1
DA:154,1
DA:155,1
DA:156,1
DA:168,1
DA:169,1
DA:170,1
DA:171,1
DA:186,1
DA:187,1
DA:188,1
DA:190,1
DA:191,1
DA:192,3
DA:195,1
DA:198,1
DA:199,1
DA:200,1
DA:201,1
DA:202,1
DA:204,1
DA:205,2
DA:206,1
DA:207,1
DA:208,1
DA:209,4
DA:224,1
DA:225,1
DA:226,1
DA:227,1
DA:228,1
DA:229,3
DA:230,1
DA:237,1
DA:239,1
DA:240,1
DA:241,1
DA:242,1
DA:243,1
DA:244,1
DA:245,2
DA:248,1
DA:249,1
DA:252,1
DA:253,1
DA:254,1
DA:255,1
DA:256,1
DA:261,1
DA:262,1
DA:267,1
DA:268,1
DA:273,1
DA:274,2
DA:276,2
DA:289,2
DA:296,1
DA:301,1
DA:303,1
DA:304,1
DA:305,1
DA:307,1
DA:308,1
DA:310,1
DA:311,1
DA:312,1
DA:313,1
DA:314,4
DA:328,1
DA:330,1
DA:331,1
DA:334,1
DA:335,1
DA:336,1
DA:338,1
DA:339,1
DA:340,1
DA:341,3
DA:348,1
DA:349,1
DA:350,4
DA:359,1
DA:360,1
DA:361,4
DA:376,1
DA:379,1
DA:381,1
DA:382,1
DA:389,1
DA:391,1
DA:393,1
DA:394,1
DA:397,1
DA:398,1
DA:399,1
DA:401,1
DA:403,1
DA:404,1
DA:406,1
DA:407,1
DA:408,1
DA:409,2
DA:410,1
DA:413,4
DA:414,5
DA:417,1
DA:419,1
DA:420,7
DA:422,2
DA:423,1
DA:424,2
DA:425,1
DA:430,1
DA:431,1
DA:436,1
DA:437,1
DA:443,1
DA:444,1
DA:445,1
DA:450,1
DA:451,1
DA:456,1
DA:457,1
DA:466,6
DA:467,1
DA:468,2
DA:471,1
DA:472,1
DA:484,1
DA:485,2
DA:491,1
DA:492,2
LF:174
LH:174
end_of_record
SF:lib/widgets/visa_divider/visa_divider.dart
DA:30,2
DA:41,1
DA:49,1
DA:50,1
DA:51,1
DA:52,1
DA:53,1
DA:54,1
DA:57,1
DA:59,1
DA:63,1
DA:64,3
DA:65,3
DA:66,3
DA:67,3
DA:68,3
DA:74,3
DA:84,1
DA:91,2
DA:94,4
DA:95,6
DA:96,1
DA:97,2
DA:99,3
DA:100,1
DA:101,1
DA:103,6
DA:104,6
DA:106,6
DA:107,2
DA:108,2
DA:109,2
DA:110,2
DA:111,2
DA:112,4
DA:114,1
DA:115,2
DA:119,2
DA:120,2
DA:121,1
DA:122,3
DA:124,6
DA:128,2
DA:130,4
DA:133,2
LF:45
LH:45
end_of_record
SF:lib/widgets/visa_dropdown_menu/visa_dropdown_menu.dart
DA:28,2
DA:72,1
DA:96,1
DA:98,1
DA:99,1
DA:100,1
DA:102,1
DA:103,1
DA:105,1
DA:106,1
DA:107,1
DA:109,1
DA:111,1
DA:112,1
DA:113,1
DA:115,1
DA:116,1
DA:117,1
DA:119,1
DA:121,1
DA:122,1
DA:123,1
DA:124,1
DA:125,1
DA:128,1
DA:130,1
DA:134,1
DA:136,3
DA:138,3
DA:139,3
DA:140,1
DA:141,2
DA:143,3
DA:145,3
DA:147,3
DA:149,3
DA:150,1
DA:151,2
DA:153,3
DA:154,3
DA:156,3
DA:158,3
DA:160,3
DA:162,3
DA:164,3
DA:166,3
DA:168,3
DA:169,3
DA:170,3
DA:171,1
DA:177,1
DA:190,1
DA:205,1
DA:206,1
DA:214,1
DA:217,5
DA:218,3
DA:219,1
DA:220,1
DA:222,3
DA:223,1
DA:224,1
DA:228,3
DA:230,3
DA:232,3
DA:234,3
DA:236,3
DA:238,3
DA:240,3
DA:242,3
DA:244,3
DA:246,3
DA:248,3
DA:250,3
DA:252,3
DA:254,3
DA:256,3
DA:257,2
DA:258,2
DA:259,2
DA:260,2
DA:261,2
DA:262,2
DA:264,3
DA:266,1
DA:267,2
DA:269,1
DA:270,2
DA:271,2
DA:275,1
DA:276,2
DA:278,2
DA:281,1
DA:282,2
DA:283,2
DA:287,2
DA:290,1
DA:291,2
DA:292,0
DA:294,2
DA:297,1
DA:298,0
DA:299,0
DA:300,0
DA:304,1
DA:305,1
DA:306,1
DA:310,1
DA:311,1
DA:312,1
DA:316,2
DA:317,2
DA:318,2
DA:319,2
DA:321,1
DA:322,2
DA:323,2
DA:324,1
DA:327,2
DA:329,1
DA:330,3
DA:331,2
DA:332,1
DA:335,1
DA:336,2
DA:338,1
DA:339,2
DA:340,2
DA:342,3
DA:344,1
DA:345,1
DA:346,1
DA:348,1
DA:350,1
DA:351,1
DA:353,1
DA:354,1
DA:355,1
DA:356,2
DA:357,1
DA:361,1
DA:374,2
DA:433,1
DA:465,1
DA:467,1
DA:468,1
DA:469,1
DA:471,1
DA:472,1
DA:474,1
DA:475,1
DA:476,1
DA:478,1
DA:480,1
DA:482,1
DA:483,1
DA:484,1
DA:485,1
DA:487,1
DA:489,1
DA:490,1
DA:491,1
DA:492,1
DA:494,1
DA:496,1
DA:498,1
DA:499,1
DA:500,1
DA:501,1
DA:502,1
DA:503,1
DA:504,1
DA:505,1
DA:508,1
DA:511,1
DA:515,1
DA:516,3
DA:518,3
DA:520,3
DA:521,1
DA:522,2
DA:524,3
DA:526,3
DA:528,3
DA:530,3
DA:532,3
DA:533,1
DA:534,2
DA:536,3
DA:538,3
DA:540,3
DA:541,3
DA:543,3
DA:545,3
DA:547,3
DA:548,3
DA:550,3
DA:552,3
DA:554,3
DA:555,1
DA:556,2
DA:557,3
DA:559,3
DA:560,3
DA:562,3
DA:563,1
DA:564,1
DA:565,1
DA:571,1
DA:586,1
DA:603,1
DA:604,1
DA:612,1
DA:615,5
DA:616,1
DA:618,1
DA:621,2
DA:622,2
DA:623,2
DA:624,2
DA:625,2
DA:626,2
DA:627,2
DA:628,2
DA:629,2
DA:630,2
DA:631,2
DA:632,2
DA:633,2
DA:634,2
DA:636,3
DA:638,3
DA:640,3
DA:642,3
DA:644,3
DA:646,3
DA:648,3
DA:650,3
DA:652,3
DA:654,3
DA:656,3
DA:658,3
DA:660,3
DA:662,3
DA:664,3
DA:666,3
DA:668,3
DA:670,3
DA:672,3
DA:674,3
DA:676,3
DA:677,3
DA:679,1
DA:680,2
DA:686,1
DA:687,2
DA:688,2
DA:692,1
DA:693,2
DA:696,2
DA:699,1
DA:700,2
DA:701,2
DA:705,2
DA:708,1
DA:709,2
DA:710,2
DA:712,2
DA:715,1
DA:716,2
DA:717,2
DA:719,2
DA:722,1
DA:723,2
DA:724,2
DA:727,1
DA:728,0
DA:729,0
DA:730,0
DA:731,0
DA:732,0
DA:736,1
DA:737,2
DA:738,1
DA:739,1
DA:742,1
DA:743,1
DA:744,1
DA:748,2
DA:749,2
DA:750,2
DA:751,2
DA:753,1
DA:754,2
DA:755,2
DA:756,1
DA:759,2
DA:761,1
DA:762,3
DA:763,2
DA:764,1
DA:767,1
DA:768,2
DA:770,1
DA:771,2
DA:772,2
DA:774,3
DA:776,1
DA:777,1
DA:778,1
DA:779,1
DA:781,1
DA:783,1
DA:784,1
DA:788,1
DA:789,1
DA:790,1
DA:794,1
DA:795,1
DA:796,1
DA:797,2
DA:798,2
DA:799,2
DA:801,2
DA:803,1
DA:805,1
DA:806,1
DA:807,1
DA:809,2
DA:810,2
DA:811,1
LF:331
LH:322
end_of_record
SF:lib/widgets/visa_flag/visa_flag.dart
DA:24,2
DA:54,1
DA:71,1
DA:72,1
DA:73,1
DA:74,1
DA:75,1
DA:76,1
DA:77,1
DA:78,1
DA:79,1
DA:80,1
DA:81,1
DA:82,1
DA:83,1
DA:84,1
DA:85,1
DA:88,1
DA:90,1
DA:94,1
DA:95,3
DA:96,3
DA:97,3
DA:98,3
DA:99,3
DA:101,3
DA:102,3
DA:103,3
DA:105,3
DA:106,2
DA:107,2
DA:108,2
DA:109,2
DA:110,2
DA:118,2
DA:136,1
DA:146,1
DA:150,1
DA:153,3
DA:154,1
DA:156,1
DA:159,1
DA:160,3
DA:162,3
DA:163,3
DA:165,3
DA:166,3
DA:167,3
DA:168,2
DA:169,2
DA:170,3
DA:172,3
DA:174,4
DA:176,4
DA:177,2
DA:178,2
DA:179,2
DA:180,2
DA:182,4
DA:184,1
DA:185,1
DA:188,1
DA:191,1
DA:194,1
DA:200,1
DA:201,1
DA:202,1
DA:208,1
DA:209,1
DA:215,1
DA:216,1
DA:222,1
DA:223,1
DA:233,1
DA:235,1
DA:237,1
DA:238,1
DA:240,1
DA:241,1
DA:242,1
DA:243,1
DA:244,2
DA:247,1
DA:248,1
DA:249,1
DA:251,1
DA:252,1
DA:254,1
DA:255,1
DA:256,3
DA:257,1
DA:259,2
DA:263,1
DA:264,1
DA:265,1
DA:266,1
DA:271,1
DA:272,1
DA:273,1
DA:277,1
DA:278,1
DA:279,1
DA:280,1
DA:286,2
DA:290,1
DA:291,1
DA:296,1
DA:297,1
DA:302,1
DA:303,1
DA:307,1
DA:308,1
DA:309,1
DA:311,4
DA:321,1
DA:322,1
DA:323,1
DA:326,1
DA:327,1
DA:328,1
DA:330,3
DA:332,1
DA:336,1
LF:123
LH:123
end_of_record
SF:lib/widgets/visa_icon/visa_icon.dart
DA:21,102
DA:30,21
DA:39,22
DA:41,22
DA:42,22
DA:43,22
DA:44,22
DA:45,22
DA:46,22
DA:47,22
DA:48,22
DA:49,22
DA:50,21
DA:51,21
DA:55,22
DA:56,0
DA:57,0
DA:58,0
DA:59,0
DA:60,0
DA:69,1
DA:77,1
DA:85,1
DA:87,1
DA:89,1
DA:90,1
DA:91,1
DA:92,1
DA:93,1
DA:94,1
DA:95,1
DA:96,1
DA:100,1
DA:101,0
DA:102,0
DA:103,0
DA:104,0
DA:105,0
LF:38
LH:28
end_of_record
SF:lib/widgets/visa_input/visa_input.dart
DA:26,3
DA:122,1
DA:172,1
DA:173,1
DA:174,1
DA:175,1
DA:176,1
DA:177,1
DA:178,1
DA:179,1
DA:180,1
DA:181,1
DA:182,1
DA:183,1
DA:184,1
DA:185,1
DA:186,1
DA:188,1
DA:189,1
DA:190,1
DA:191,1
DA:192,1
DA:194,1
DA:196,1
DA:198,1
DA:199,1
DA:200,1
DA:201,1
DA:202,1
DA:203,1
DA:204,1
DA:206,1
DA:208,1
DA:210,1
DA:212,1
DA:213,1
DA:215,1
DA:217,1
DA:219,1
DA:221,1
DA:222,1
DA:223,1
DA:224,1
DA:225,1
DA:226,1
DA:227,1
DA:228,1
DA:229,1
DA:231,1
DA:232,1
DA:235,1
DA:237,1
DA:241,1
DA:243,3
DA:245,3
DA:246,3
DA:247,3
DA:248,3
DA:249,3
DA:250,3
DA:251,3
DA:253,3
DA:254,3
DA:255,3
DA:257,3
DA:259,3
DA:260,3
DA:262,3
DA:263,3
DA:264,3
DA:265,3
DA:267,3
DA:269,3
DA:270,1
DA:271,2
DA:272,1
DA:273,2
DA:275,3
DA:276,3
DA:278,3
DA:280,3
DA:282,3
DA:284,3
DA:286,3
DA:287,1
DA:288,2
DA:290,3
DA:292,3
DA:294,3
DA:296,3
DA:297,1
DA:298,2
DA:299,1
DA:300,2
DA:301,1
DA:302,2
DA:303,3
DA:304,3
DA:305,3
DA:307,3
DA:308,1
DA:309,1
DA:310,1
DA:311,1
DA:312,1
DA:313,1
DA:320,2
DA:382,2
DA:439,2
DA:440,2
DA:448,2
DA:450,2
DA:451,8
DA:452,4
DA:453,4
DA:454,3
DA:455,2
DA:456,2
DA:459,2
DA:460,2
DA:465,6
DA:466,4
DA:467,4
DA:468,4
DA:471,4
DA:472,4
DA:479,2
DA:481,8
DA:482,5
DA:483,5
DA:484,4
DA:485,4
DA:486,2
DA:489,2
DA:490,4
DA:493,2
DA:495,2
DA:497,7
DA:498,6
DA:499,1
DA:500,2
DA:502,3
DA:503,1
DA:504,1
DA:506,5
DA:507,4
DA:509,9
DA:510,5
DA:511,4
DA:512,5
DA:513,4
DA:514,5
DA:515,4
DA:516,5
DA:517,4
DA:518,5
DA:519,4
DA:520,5
DA:521,4
DA:523,7
DA:524,7
DA:525,7
DA:527,7
DA:529,7
DA:531,7
DA:533,7
DA:535,7
DA:538,7
DA:541,7
DA:543,7
DA:545,7
DA:547,7
DA:549,7
DA:550,7
DA:552,2
DA:553,8
DA:554,1
DA:556,4
DA:557,2
DA:558,1
DA:560,4
DA:561,3
DA:563,8
DA:564,5
DA:565,2
DA:567,7
DA:570,2
DA:571,8
DA:572,3
DA:574,4
DA:575,3
DA:577,4
DA:578,3
DA:580,8
DA:581,7
DA:583,7
DA:586,1
DA:587,2
DA:588,3
DA:590,2
DA:591,2
DA:592,1
DA:594,2
DA:595,2
DA:596,1
DA:598,4
DA:599,3
DA:601,3
DA:604,1
DA:605,2
DA:606,3
DA:608,2
DA:609,2
DA:610,1
DA:612,2
DA:613,2
DA:614,1
DA:616,4
DA:617,5
DA:618,3
DA:620,3
DA:623,2
DA:624,4
DA:627,2
DA:628,6
DA:629,4
DA:632,2
DA:633,4
DA:634,2
DA:636,4
DA:637,1
DA:638,2
DA:639,1
DA:641,1
DA:642,2
DA:643,1
DA:647,1
DA:649,2
DA:650,1
DA:659,0
DA:660,0
DA:661,0
DA:668,2
DA:669,4
DA:672,4
DA:673,5
DA:675,4
DA:676,4
DA:678,4
DA:679,0
DA:684,6
DA:685,1
DA:687,1
DA:688,1
DA:689,3
DA:690,1
DA:691,2
DA:692,1
DA:693,1
DA:694,1
DA:695,3
DA:697,2
DA:698,1
DA:699,1
DA:709,1
DA:710,1
DA:711,2
DA:714,1
DA:715,1
DA:716,1
DA:717,1
DA:718,1
DA:719,1
DA:720,3
DA:722,2
DA:725,1
DA:728,1
DA:730,1
DA:731,1
DA:733,1
DA:735,1
DA:737,1
DA:739,1
DA:741,1
DA:743,1
DA:744,2
DA:745,2
DA:748,1
DA:751,1
DA:753,1
DA:758,1
DA:762,2
DA:763,1
DA:764,2
DA:765,2
DA:766,1
DA:767,1
DA:768,1
DA:771,1
DA:772,2
DA:773,2
DA:774,1
DA:778,1
DA:779,2
DA:780,1
DA:783,1
DA:784,1
DA:786,1
DA:787,2
DA:788,1
DA:789,1
DA:791,1
DA:793,1
DA:794,2
DA:795,2
DA:796,2
DA:798,2
DA:800,2
DA:802,2
DA:803,2
DA:805,2
DA:806,1
DA:807,2
DA:808,2
DA:809,2
DA:811,2
DA:813,2
DA:814,2
DA:816,2
DA:817,2
DA:818,2
DA:819,1
DA:821,2
DA:822,2
DA:823,0
DA:824,0
DA:825,0
DA:828,1
DA:830,2
DA:831,2
DA:834,2
DA:835,2
DA:844,1
DA:847,2
DA:848,2
DA:852,2
DA:856,1
DA:858,3
DA:860,2
DA:870,1
DA:877,2
DA:878,2
DA:880,2
DA:882,2
DA:883,2
DA:884,1
DA:885,2
DA:886,0
DA:888,2
DA:889,2
DA:891,2
DA:893,1
DA:894,1
DA:897,2
DA:898,1
DA:899,1
DA:904,1
DA:905,2
DA:914,2
DA:915,1
DA:917,1
DA:921,1
DA:923,1
DA:924,4
DA:925,3
DA:926,5
DA:927,1
DA:928,4
DA:932,4
DA:940,1
DA:942,1
DA:943,1
DA:944,2
DA:945,1
DA:947,2
DA:950,1
DA:951,2
DA:952,1
DA:954,1
DA:958,1
DA:959,1
DA:968,1
DA:969,1
DA:970,2
DA:971,1
DA:975,5
DA:989,2
DA:990,4
DA:993,2
DA:994,2
DA:995,4
DA:996,2
DA:997,6
DA:999,4
DA:1000,2
DA:1001,2
DA:1005,2
DA:1006,4
DA:1008,2
DA:1009,6
DA:1011,4
DA:1014,2
DA:1017,2
DA:1019,2
DA:1020,2
DA:1022,2
DA:1024,2
DA:1026,2
DA:1028,2
DA:1030,2
DA:1032,2
DA:1033,8
DA:1036,2
DA:1039,2
DA:1041,2
DA:1046,2
DA:1050,4
DA:1051,2
DA:1052,4
DA:1053,4
DA:1054,2
DA:1055,2
DA:1056,2
DA:1059,2
DA:1060,4
DA:1061,4
DA:1062,1
DA:1066,1
DA:1067,2
DA:1068,1
DA:1071,2
DA:1072,2
DA:1074,2
DA:1075,4
DA:1077,4
DA:1079,2
DA:1081,2
DA:1082,4
DA:1083,4
DA:1084,4
DA:1085,4
DA:1086,4
DA:1087,4
DA:1088,4
DA:1089,4
DA:1090,2
DA:1091,4
DA:1092,4
DA:1093,4
DA:1095,4
DA:1097,6
DA:1098,4
DA:1099,4
DA:1100,6
DA:1101,4
DA:1102,2
DA:1103,1
DA:1104,1
DA:1105,2
DA:1107,4
DA:1108,2
DA:1109,4
DA:1110,4
DA:1111,4
DA:1112,4
DA:1120,2
DA:1122,4
DA:1123,4
DA:1127,4
DA:1130,2
DA:1132,6
DA:1133,4
DA:1141,2
DA:1148,4
DA:1149,4
DA:1150,4
DA:1151,4
DA:1152,4
DA:1153,2
DA:1154,4
DA:1155,3
DA:1157,4
DA:1158,4
DA:1161,4
DA:1165,4
DA:1170,2
DA:1171,4
DA:1177,4
DA:1178,1
DA:1180,1
DA:1184,1
DA:1186,1
DA:1187,4
DA:1188,3
DA:1189,5
DA:1190,1
DA:1191,4
DA:1195,4
DA:1203,2
DA:1204,4
DA:1205,2
DA:1207,2
DA:1211,2
DA:1212,2
DA:1221,2
DA:1222,2
DA:1223,4
DA:1224,2
DA:1228,10
DA:1235,2
DA:1236,4
DA:1237,2
DA:1239,4
LF:523
LH:515
end_of_record
SF:lib/widgets/visa_link/visa_link.dart
DA:24,2
DA:44,1
DA:55,1
DA:56,1
DA:57,1
DA:58,1
DA:59,1
DA:60,1
DA:61,1
DA:62,1
DA:63,1
DA:66,1
DA:68,1
DA:72,1
DA:73,3
DA:74,3
DA:75,3
DA:76,3
DA:77,3
DA:78,3
DA:79,3
DA:80,1
DA:86,3
DA:103,3
DA:121,3
DA:122,3
DA:127,3
DA:130,9
DA:131,9
DA:132,1
DA:133,3
DA:135,3
DA:136,1
DA:137,1
DA:140,9
DA:141,6
DA:142,6
DA:143,3
DA:144,6
DA:145,6
DA:147,3
DA:148,0
DA:150,9
DA:153,3
DA:155,6
DA:156,3
DA:157,3
DA:158,6
DA:159,3
DA:160,6
DA:162,6
DA:163,3
DA:164,9
DA:165,3
DA:166,6
DA:167,1
DA:168,2
DA:169,1
DA:172,1
DA:173,2
DA:174,1
DA:177,0
DA:178,0
DA:179,0
DA:182,6
DA:183,3
DA:187,3
DA:188,6
DA:189,3
DA:190,1
DA:192,1
DA:194,3
DA:195,3
DA:196,3
DA:197,6
DA:198,6
DA:200,3
DA:201,6
DA:202,6
DA:205,6
DA:206,3
DA:207,3
DA:209,9
DA:210,6
DA:211,6
DA:212,6
DA:219,6
DA:220,3
DA:221,1
DA:223,1
LF:90
LH:86
end_of_record
SF:lib/widgets/visa_list_item/visa_list_item.dart
DA:27,2
DA:36,1
DA:42,1
DA:43,0
DA:44,1
DA:45,1
DA:48,1
DA:50,1
DA:53,1
DA:54,3
DA:55,3
DA:56,3
DA:62,2
DA:77,1
DA:96,1
DA:97,1
DA:103,1
DA:104,2
DA:105,2
DA:109,1
DA:112,5
DA:113,5
DA:115,5
DA:117,5
DA:119,1
DA:120,1
DA:121,3
DA:123,2
DA:124,3
DA:126,4
DA:129,1
DA:130,4
DA:131,3
DA:133,3
DA:136,1
DA:137,2
DA:138,2
DA:140,2
DA:143,1
DA:144,2
DA:145,2
DA:146,1
DA:147,2
DA:148,1
DA:149,2
DA:152,2
DA:153,1
DA:154,2
DA:157,2
DA:158,1
DA:159,2
DA:162,2
DA:163,1
DA:164,2
DA:166,1
DA:167,1
DA:168,1
DA:170,1
DA:171,1
DA:172,1
DA:173,1
DA:174,2
DA:175,2
DA:178,2
DA:179,1
DA:180,2
DA:181,2
DA:182,1
DA:186,1
LF:69
LH:68
end_of_record
SF:lib/widgets/visa_nav_drawer/visa_nav_drawer.dart
DA:25,1
DA:44,1
DA:54,1
DA:55,1
DA:57,1
DA:58,1
DA:59,1
DA:60,1
DA:61,1
DA:62,1
DA:65,1
DA:67,1
DA:71,1
DA:72,1
DA:73,1
DA:74,1
DA:77,1
DA:78,1
DA:79,1
DA:83,3
DA:84,3
DA:85,1
DA:86,1
DA:87,3
DA:96,1
DA:106,1
DA:121,1
DA:132,1
DA:136,3
DA:137,3
DA:138,1
DA:139,1
DA:141,3
DA:142,1
DA:143,1
DA:145,3
DA:147,4
DA:148,2
DA:150,4
DA:153,1
DA:155,1
DA:156,1
DA:159,1
DA:160,1
DA:161,3
DA:162,1
DA:163,1
DA:166,1
DA:168,3
DA:169,2
DA:170,1
DA:172,1
DA:174,1
DA:175,3
DA:176,4
DA:184,5
DA:185,3
DA:186,1
DA:188,6
DA:189,1
DA:190,2
DA:191,2
DA:192,1
DA:193,2
DA:194,2
DA:195,1
DA:196,1
DA:198,1
DA:199,1
DA:210,3
DA:226,1
DA:237,1
DA:241,1
DA:244,3
DA:246,3
DA:247,3
DA:248,2
DA:249,2
DA:250,2
DA:251,2
DA:253,1
DA:254,1
DA:255,1
DA:256,3
DA:257,1
DA:259,1
DA:260,1
DA:269,1
DA:270,1
DA:271,1
DA:272,1
DA:274,1
DA:280,1
DA:281,1
DA:284,1
DA:285,1
DA:286,1
DA:287,1
DA:288,1
DA:289,1
DA:290,3
DA:296,3
DA:297,1
DA:299,3
DA:301,1
LF:105
LH:105
end_of_record
SF:lib/widgets/visa_panel/visa_panel.dart
DA:28,2
DA:39,1
DA:46,1
DA:47,1
DA:49,1
DA:50,1
DA:51,1
DA:53,1
DA:55,1
DA:59,1
DA:60,3
DA:62,3
DA:63,1
DA:64,3
DA:70,2
DA:91,1
DA:92,1
DA:99,1
DA:101,1
DA:102,2
DA:105,1
DA:107,1
DA:109,2
DA:110,2
DA:111,3
DA:113,4
DA:117,1
DA:120,2
DA:121,1
DA:124,1
DA:127,5
DA:128,3
DA:129,1
DA:130,1
DA:132,3
DA:133,1
DA:134,1
DA:137,3
DA:139,3
DA:140,2
DA:141,2
DA:142,2
DA:143,2
DA:144,2
DA:145,2
DA:148,1
DA:149,1
DA:153,1
DA:154,1
DA:155,2
DA:156,1
DA:158,1
DA:159,2
DA:160,1
DA:167,1
DA:169,1
DA:170,1
DA:173,2
DA:174,1
DA:175,2
DA:179,1
DA:180,1
DA:182,1
DA:183,1
DA:184,1
DA:187,1
DA:189,1
DA:190,2
DA:191,1
DA:210,1
DA:211,1
DA:212,1
DA:213,1
DA:216,2
DA:217,1
DA:218,2
DA:219,1
DA:223,1
DA:224,3
DA:225,1
DA:228,1
DA:229,1
DA:231,1
DA:232,2
DA:237,2
DA:238,1
DA:239,1
DA:240,1
DA:243,1
DA:246,1
DA:247,2
DA:248,1
DA:265,2
LF:93
LH:93
end_of_record
SF:lib/widgets/visa_progress/visa_progress.dart
DA:27,2
DA:40,1
DA:49,1
DA:50,1
DA:51,1
DA:53,1
DA:54,1
DA:55,1
DA:56,1
DA:59,1
DA:61,1
DA:65,1
DA:66,3
DA:67,3
DA:69,2
DA:70,3
DA:71,3
DA:72,3
DA:78,1
DA:83,1
DA:89,1
DA:92,3
DA:93,3
DA:94,1
DA:95,1
DA:97,3
DA:98,1
DA:99,1
DA:101,3
DA:102,3
DA:104,4
DA:105,1
DA:106,1
DA:107,1
DA:109,1
DA:113,1
DA:120,1
DA:125,1
DA:131,1
DA:134,3
DA:135,1
DA:137,1
DA:139,2
DA:140,3
DA:141,2
DA:142,2
DA:144,2
DA:145,1
DA:147,1
DA:148,1
DA:149,1
DA:150,1
DA:151,1
DA:154,1
DA:158,1
DA:162,1
DA:163,1
DA:164,1
DA:165,1
DA:166,4
DA:179,1
DA:185,1
DA:192,1
DA:195,1
DA:196,3
DA:197,1
DA:199,1
DA:201,3
DA:202,3
DA:203,3
DA:204,1
DA:206,1
DA:207,1
DA:208,1
DA:209,1
DA:212,1
DA:215,2
DA:216,1
DA:220,1
DA:221,1
DA:224,1
DA:225,2
DA:226,1
DA:228,1
DA:230,1
DA:231,1
DA:234,2
DA:249,2
DA:255,1
DA:262,1
DA:265,1
DA:266,3
DA:267,1
DA:269,1
DA:271,3
DA:272,3
DA:273,3
DA:274,1
DA:276,1
DA:277,1
DA:278,1
DA:279,1
DA:282,1
DA:285,2
DA:286,1
DA:291,1
DA:292,1
DA:295,1
DA:296,2
DA:297,1
DA:299,1
DA:301,1
DA:302,1
DA:305,2
LF:114
LH:114
end_of_record
SF:lib/widgets/visa_radio/visa_radio.dart
DA:24,2
DA:44,1
DA:59,1
DA:60,1
DA:61,1
DA:62,1
DA:63,1
DA:65,1
DA:66,1
DA:68,1
DA:69,1
DA:72,1
DA:74,1
DA:78,1
DA:79,3
DA:80,3
DA:82,3
DA:83,3
DA:85,3
DA:87,3
DA:88,1
DA:89,2
DA:90,3
DA:96,2
DA:105,1
DA:115,1
DA:118,3
DA:119,3
DA:120,1
DA:121,1
DA:123,3
DA:124,1
DA:125,1
DA:127,3
DA:129,3
DA:130,3
DA:131,3
DA:133,3
DA:135,3
DA:137,3
DA:138,3
DA:139,1
DA:140,2
DA:141,1
DA:144,1
DA:149,2
DA:150,1
DA:151,1
DA:152,1
DA:153,1
DA:154,4
DA:156,1
DA:159,1
DA:161,1
DA:162,1
DA:163,1
DA:164,1
DA:165,4
DA:166,1
DA:172,1
DA:173,1
DA:174,1
DA:176,1
LF:63
LH:63
end_of_record
SF:lib/widgets/visa_section_message/visa_section_message.dart
DA:25,2
DA:63,1
DA:83,1
DA:84,1
DA:85,1
DA:86,1
DA:87,1
DA:88,1
DA:89,1
DA:90,1
DA:91,1
DA:92,1
DA:93,1
DA:94,1
DA:95,1
DA:96,1
DA:97,1
DA:98,1
DA:99,1
DA:100,1
DA:103,1
DA:106,1
DA:110,1
DA:111,3
DA:112,3
DA:113,3
DA:114,3
DA:115,3
DA:116,3
DA:117,3
DA:118,3
DA:119,3
DA:120,3
DA:121,3
DA:122,3
DA:123,3
DA:124,3
DA:125,3
DA:126,3
DA:127,3
DA:141,1
DA:165,1
DA:184,1
DA:185,4
DA:189,1
DA:191,1
DA:192,3
DA:193,3
DA:194,3
DA:195,3
DA:196,3
DA:198,3
DA:200,3
DA:201,3
DA:202,3
DA:203,3
DA:205,3
DA:207,3
DA:209,3
DA:210,3
DA:211,3
DA:212,3
DA:213,3
DA:215,1
DA:216,1
DA:218,1
DA:220,1
DA:222,1
DA:224,1
DA:231,1
DA:232,1
DA:234,1
DA:236,1
DA:238,1
DA:240,1
DA:247,1
DA:248,1
DA:249,1
DA:250,1
DA:256,1
DA:257,1
DA:258,1
DA:264,1
DA:265,1
DA:266,1
DA:272,1
DA:273,1
DA:274,1
DA:280,1
DA:281,1
DA:282,1
DA:292,1
DA:293,1
DA:294,1
DA:295,1
DA:296,1
DA:297,1
DA:301,1
DA:303,1
DA:304,1
DA:305,2
DA:306,1
DA:307,1
DA:308,2
DA:313,1
DA:315,1
DA:316,1
DA:317,2
DA:319,1
DA:320,1
DA:321,1
DA:323,1
DA:325,1
DA:326,1
DA:331,1
DA:333,1
DA:334,1
DA:335,3
DA:336,2
DA:338,1
DA:339,1
DA:340,1
DA:341,3
DA:342,1
DA:347,1
DA:348,2
DA:350,1
DA:352,1
DA:353,1
DA:354,2
DA:355,1
DA:356,1
DA:362,1
DA:364,1
DA:369,1
DA:370,1
DA:374,1
DA:375,1
DA:376,1
DA:377,3
DA:378,1
DA:383,1
DA:384,2
DA:387,1
DA:388,1
DA:393,1
DA:395,1
DA:402,1
DA:403,1
DA:404,1
DA:405,1
DA:407,2
DA:408,1
DA:410,1
DA:412,1
DA:415,1
DA:416,1
DA:417,1
DA:419,1
DA:420,1
LF:160
LH:160
end_of_record
SF:lib/widgets/visa_select/visa_select.dart
DA:25,2
DA:69,1
DA:93,1
DA:94,1
DA:95,1
DA:96,1
DA:97,1
DA:98,1
DA:99,1
DA:100,1
DA:101,1
DA:102,1
DA:103,1
DA:104,1
DA:105,1
DA:106,1
DA:107,1
DA:108,1
DA:109,1
DA:110,1
DA:111,1
DA:112,1
DA:115,1
DA:117,1
DA:121,1
DA:122,3
DA:123,3
DA:124,3
DA:125,3
DA:127,3
DA:128,3
DA:129,3
DA:130,3
DA:131,3
DA:133,3
DA:134,3
DA:135,3
DA:136,3
DA:138,3
DA:139,3
DA:141,3
DA:142,3
DA:143,3
DA:144,1
DA:145,1
DA:146,1
DA:153,1
DA:178,1
DA:203,1
DA:204,1
DA:213,1
DA:215,1
DA:217,5
DA:218,3
DA:219,1
DA:220,1
DA:222,3
DA:223,1
DA:224,1
DA:226,3
DA:227,2
DA:228,3
DA:229,2
DA:230,3
DA:231,2
DA:232,3
DA:233,2
DA:234,3
DA:235,2
DA:236,3
DA:237,2
DA:239,4
DA:241,4
DA:244,4
DA:245,4
DA:247,4
DA:249,4
DA:250,3
DA:251,2
DA:252,3
DA:253,2
DA:254,3
DA:255,2
DA:257,1
DA:258,2
DA:259,4
DA:261,2
DA:262,4
DA:264,2
DA:265,4
DA:267,1
DA:268,4
DA:270,4
DA:273,1
DA:274,2
DA:275,3
DA:277,4
DA:280,1
DA:281,2
DA:282,0
DA:284,1
DA:285,4
DA:287,0
DA:290,1
DA:291,2
DA:292,3
DA:294,2
DA:295,4
DA:297,2
DA:298,4
DA:300,4
DA:303,1
DA:304,4
DA:305,4
DA:307,4
DA:310,1
DA:312,3
DA:320,2
DA:321,1
DA:323,1
DA:327,1
DA:328,2
DA:329,1
DA:331,2
DA:332,1
DA:333,2
DA:334,1
DA:335,1
DA:340,1
DA:341,1
DA:342,1
DA:344,1
DA:345,1
DA:347,2
DA:348,0
DA:349,0
DA:350,0
DA:352,0
DA:358,1
DA:359,2
DA:360,1
DA:361,1
DA:362,1
DA:363,1
DA:364,1
DA:365,1
DA:366,1
DA:367,1
DA:370,3
DA:371,1
DA:372,1
DA:374,1
DA:375,1
DA:377,1
DA:381,2
DA:382,2
DA:383,2
DA:384,2
DA:386,1
DA:387,2
DA:388,2
DA:389,1
DA:390,1
DA:393,2
DA:395,1
DA:396,2
DA:397,3
DA:399,2
DA:400,1
DA:401,1
DA:404,1
DA:405,2
DA:406,3
DA:408,1
DA:409,2
DA:410,1
DA:411,1
DA:413,2
DA:414,1
DA:416,2
DA:417,3
DA:419,1
DA:420,2
DA:421,1
DA:422,1
DA:425,2
DA:426,3
DA:428,1
DA:429,2
DA:430,1
DA:431,2
DA:432,2
DA:435,2
DA:437,0
DA:438,0
DA:439,0
DA:440,0
DA:443,1
DA:444,1
DA:445,1
DA:446,1
DA:447,1
DA:448,1
DA:450,1
DA:452,1
DA:454,1
DA:456,1
DA:458,1
DA:460,1
DA:461,1
DA:462,1
DA:465,1
DA:468,1
DA:471,1
DA:472,1
DA:473,2
DA:476,1
DA:477,1
DA:481,1
DA:483,2
DA:486,1
DA:487,1
DA:488,2
DA:490,1
DA:492,1
DA:493,1
DA:495,1
DA:497,1
DA:498,1
DA:501,1
DA:503,1
DA:508,1
DA:513,1
DA:515,1
DA:516,1
DA:521,1
DA:534,1
DA:535,1
DA:538,1
DA:547,1
DA:548,2
DA:549,1
DA:551,1
DA:554,1
DA:555,1
DA:556,2
DA:557,1
DA:561,2
DA:563,1
DA:566,1
DA:567,2
DA:569,1
DA:570,1
DA:571,2
DA:572,1
DA:573,2
DA:574,0
DA:576,1
DA:585,2
DA:592,1
DA:593,1
DA:594,1
DA:596,1
DA:597,2
DA:598,1
DA:600,1
DA:601,2
DA:602,1
DA:603,1
DA:608,1
DA:610,1
DA:611,1
DA:613,2
DA:614,0
DA:615,0
DA:616,0
DA:618,0
DA:624,1
DA:625,2
DA:626,1
DA:628,2
DA:629,1
DA:630,1
DA:632,1
DA:633,1
DA:634,1
DA:635,1
DA:636,1
DA:640,3
DA:641,1
DA:642,1
DA:644,1
DA:645,1
DA:647,1
DA:651,2
DA:652,2
DA:653,2
DA:654,2
DA:656,1
DA:657,2
DA:658,2
DA:659,1
DA:660,1
DA:663,2
DA:665,1
DA:666,2
DA:667,3
DA:669,2
DA:670,1
DA:671,1
DA:674,1
DA:675,2
DA:676,3
DA:678,1
DA:679,2
DA:680,1
DA:681,1
DA:683,2
DA:684,1
DA:686,2
DA:687,3
DA:689,1
DA:690,2
DA:691,1
DA:692,1
DA:695,2
DA:696,3
DA:698,1
DA:699,2
DA:700,1
DA:701,2
DA:702,2
DA:705,2
DA:707,0
DA:708,0
DA:709,0
DA:710,0
DA:713,1
DA:714,1
DA:715,1
DA:716,1
DA:717,1
DA:718,1
DA:720,1
DA:722,1
DA:724,1
DA:726,1
DA:728,1
DA:730,1
DA:731,1
DA:732,1
DA:735,1
DA:738,1
DA:741,1
DA:742,1
DA:746,1
DA:748,2
DA:751,1
DA:752,1
DA:753,2
DA:755,1
DA:757,1
DA:758,1
DA:760,1
DA:762,1
DA:763,1
DA:766,1
DA:768,1
DA:772,1
DA:777,1
DA:779,1
DA:780,1
DA:785,1
DA:798,1
DA:799,1
DA:802,1
DA:811,1
DA:812,2
DA:813,1
DA:815,1
DA:819,1
DA:820,1
DA:821,2
DA:822,1
DA:826,2
DA:828,1
DA:831,1
DA:832,2
DA:834,1
DA:835,1
DA:836,2
DA:837,1
DA:839,4
DA:841,1
DA:850,2
LF:395
LH:376
end_of_record
SF:lib/widgets/visa_switch/visa_switch.dart
DA:23,2
DA:44,1
DA:57,1
DA:58,1
DA:59,1
DA:60,1
DA:61,1
DA:62,1
DA:63,1
DA:64,1
DA:65,1
DA:66,1
DA:67,1
DA:70,1
DA:72,1
DA:76,1
DA:77,3
DA:78,3
DA:79,3
DA:80,3
DA:81,3
DA:82,3
DA:83,3
DA:84,3
DA:85,3
DA:86,3
DA:92,1
DA:99,1
DA:110,1
DA:111,1
DA:116,1
DA:117,4
DA:118,4
DA:121,5
DA:127,1
DA:130,3
DA:131,5
DA:133,1
DA:134,1
DA:137,1
DA:138,1
DA:152,2
DA:153,3
DA:154,4
DA:156,1
DA:157,3
DA:158,3
DA:160,3
DA:161,3
DA:163,4
DA:164,3
DA:166,4
DA:167,2
DA:169,2
DA:170,0
DA:172,2
DA:173,4
DA:175,2
DA:176,3
DA:178,0
DA:181,1
DA:182,3
DA:183,3
DA:185,4
DA:186,2
DA:188,4
DA:189,3
DA:191,2
DA:192,0
DA:194,2
DA:195,4
DA:197,2
DA:198,3
DA:200,0
DA:203,1
DA:204,3
DA:205,3
DA:207,4
DA:208,2
DA:210,4
DA:211,3
DA:213,2
DA:214,0
DA:216,2
DA:217,3
DA:219,2
DA:220,4
DA:222,0
DA:225,1
DA:227,2
DA:228,2
DA:229,1
DA:231,1
DA:232,1
DA:233,5
DA:235,2
DA:236,5
DA:238,1
DA:239,2
DA:240,2
DA:243,5
DA:245,1
DA:246,2
DA:247,2
DA:250,1
DA:251,2
DA:252,2
DA:255,1
DA:262,1
DA:263,1
DA:264,1
DA:265,1
DA:266,1
DA:269,1
DA:271,1
DA:275,2
DA:278,1
DA:281,1
DA:283,1
DA:284,1
DA:285,1
DA:286,1
LF:122
LH:116
end_of_record
SF:lib/widgets/visa_tab/visa_tab.dart
DA:27,2
DA:49,1
DA:63,1
DA:64,1
DA:65,1
DA:66,1
DA:67,1
DA:69,1
DA:71,1
DA:72,1
DA:73,1
DA:74,1
DA:75,1
DA:78,1
DA:80,1
DA:84,1
DA:85,3
DA:87,3
DA:88,3
DA:90,3
DA:91,1
DA:92,2
DA:94,3
DA:95,3
DA:96,3
DA:97,1
DA:98,1
DA:104,2
DA:110,1
DA:117,1
DA:118,1
DA:120,1
DA:123,2
DA:124,1
DA:125,2
DA:126,1
DA:130,2
DA:133,1
DA:134,2
DA:135,1
DA:136,3
DA:146,1
DA:149,5
DA:150,3
DA:151,1
DA:152,1
DA:154,3
DA:155,1
DA:156,1
DA:158,4
DA:160,4
DA:162,4
DA:164,4
DA:166,4
DA:168,4
DA:169,3
DA:170,2
DA:172,4
DA:174,5
DA:175,3
DA:176,2
DA:178,1
DA:179,2
DA:184,2
DA:187,2
DA:188,1
DA:200,2
DA:213,1
DA:215,1
DA:216,1
DA:217,1
DA:218,1
DA:219,1
DA:223,1
DA:225,1
DA:226,2
DA:227,3
LF:77
LH:77
end_of_record
SF:lib/widgets/visa_toggle/visa_toggle.dart
DA:25,2
DA:49,1
DA:63,1
DA:64,1
DA:65,1
DA:67,1
DA:68,1
DA:69,1
DA:71,1
DA:73,1
DA:74,1
DA:75,1
DA:76,1
DA:77,1
DA:80,1
DA:82,1
DA:86,1
DA:88,3
DA:90,3
DA:92,3
DA:93,3
DA:95,3
DA:97,3
DA:98,1
DA:99,2
DA:100,3
DA:101,3
DA:102,3
DA:103,3
DA:109,1
DA:123,1
DA:142,1
DA:143,1
DA:148,1
DA:150,1
DA:151,3
DA:152,2
DA:153,5
DA:160,3
DA:164,3
DA:168,1
DA:169,1
DA:170,1
DA:175,1
DA:176,1
DA:177,1
DA:178,1
DA:179,1
DA:187,1
DA:188,1
DA:189,1
DA:190,1
DA:191,1
DA:192,1
DA:193,1
DA:194,1
DA:195,1
DA:196,3
DA:197,1
DA:201,1
DA:202,1
DA:203,1
DA:204,1
DA:205,1
DA:206,1
DA:207,1
DA:208,1
DA:209,1
DA:210,3
DA:211,1
DA:219,1
DA:221,2
DA:222,4
DA:224,5
DA:225,3
DA:226,1
DA:227,1
DA:229,3
DA:230,1
DA:231,1
DA:234,4
DA:235,2
DA:236,2
DA:237,2
DA:238,2
DA:240,3
DA:242,3
DA:244,3
DA:246,3
DA:248,3
DA:250,3
DA:251,3
DA:253,3
DA:255,1
DA:256,2
DA:257,1
DA:259,2
DA:260,1
DA:261,1
DA:262,2
DA:263,1
DA:265,2
DA:267,1
DA:269,4
DA:270,1
DA:272,2
DA:276,1
DA:278,2
DA:280,2
DA:281,2
DA:282,2
DA:283,2
DA:284,1
DA:285,1
DA:289,2
DA:292,2
DA:293,1
DA:294,4
DA:296,1
DA:297,1
DA:298,2
DA:299,2
DA:301,6
DA:304,5
DA:305,4
DA:309,3
DA:312,5
DA:313,3
DA:314,1
DA:315,1
DA:316,1
DA:320,3
DA:321,1
DA:338,1
DA:339,1
DA:342,4
DA:343,3
DA:346,3
DA:351,1
DA:353,2
DA:354,1
DA:355,5
DA:359,2
DA:360,1
DA:361,5
DA:366,1
DA:374,1
DA:376,2
DA:377,1
DA:378,5
DA:382,2
DA:383,1
DA:384,5
DA:389,1
DA:390,1
DA:392,1
DA:393,3
DA:401,1
DA:402,1
DA:404,1
DA:405,1
DA:407,1
DA:408,1
LF:163
LH:163
end_of_record
SF:lib/widgets/visa_wizard/visa_wizard.dart
DA:24,2
DA:44,1
DA:55,1
DA:57,1
DA:58,1
DA:59,1
DA:60,1
DA:61,1
DA:62,1
DA:63,1
DA:64,1
DA:68,1
DA:70,1
DA:74,1
DA:76,3
DA:77,3
DA:78,3
DA:79,3
DA:80,1
DA:81,3
DA:82,3
DA:83,3
DA:100,2
DA:114,1
DA:117,3
DA:118,1
DA:120,1
DA:123,1
DA:126,2
DA:127,2
DA:128,2
DA:129,2
DA:131,2
DA:132,2
DA:133,1
DA:134,2
DA:136,3
DA:138,1
DA:139,1
DA:140,1
DA:141,1
DA:143,5
DA:144,2
DA:146,1
DA:147,2
DA:148,3
DA:154,1
DA:157,1
DA:158,3
DA:159,1
DA:170,1
DA:172,3
DA:184,1
DA:185,3
DA:186,1
DA:197,1
DA:199,3
DA:200,1
DA:201,1
DA:202,2
DA:203,1
DA:211,1
DA:213,3
DA:214,1
DA:215,1
DA:216,2
DA:217,4
DA:226,1
DA:227,1
DA:230,1
DA:237,1
DA:243,1
DA:244,2
DA:245,1
DA:249,1
LF:75
LH:75
end_of_record
